#
# A fatal error has been detected by the Java Runtime Environment:
#
#  EXCEPTION_ACCESS_VIOLATION (0xc0000005) at pc=0x00007ffa6f7af557, pid=4360, tid=16584
#
# JRE version: Java(TM) SE Runtime Environment (16.0+36) (build 16+36-2231)
# Java VM: Java HotSpot(TM) 64-Bit Server VM (16+36-2231, mixed mode, sharing, tiered, compressed oops, g1 gc, windows-amd64)
# Problematic frame:
# C  [awt.dll+0x1f557]
#
# No core dump will be written. Minidumps are not enabled by default on client versions of Windows
#
# If you would like to submit a bug report, please visit:
#   https://bugreport.java.com/bugreport/crash.jsp
# The crash happened outside the Java Virtual Machine in native code.
# See problematic frame for where to report the bug.
#

---------------  S U M M A R Y ------------

Command Line: -Xmx300m Jframe 10 0 highmem members 32

Host: Intel(R) Core(TM) i7-8700K CPU @ 3.70GHz, 12 cores, 15G,  Windows 10 , 64 bit Build 19041 (10.0.19041.928)
Time: Sat Jun  5 11:46:18 2021 Eastern Daylight Time elapsed time: 4513.630258 seconds (0d 1h 15m 13s)

---------------  T H R E A D  ---------------

Current thread (0x0000028e09932840):  JavaThread "Thread-2" [_thread_in_native, id=16584, stack(0x000000c20dea0000,0x000000c20dfa0000)]

Stack: [0x000000c20dea0000,0x000000c20dfa0000],  sp=0x000000c20df9ea40,  free space=1018k
Native frames: (J=compiled Java code, j=interpreted, Vv=VM code, C=native code)
C  [awt.dll+0x1f557]

Java frames: (J=compiled Java code, j=interpreted, Vv=VM code)
j  sun.java2d.d3d.D3DSurfaceData.initOps(III)V+0 java.desktop@16
j  sun.java2d.d3d.D3DSurfaceData.<init>(Lsun/awt/windows/WComponentPeer;Lsun/java2d/d3d/D3DGraphicsConfig;IILjava/awt/Image;Ljava/awt/image/ColorModel;IILsun/java2d/pipe/hw/ExtendedBufferCapabilities$VSyncType;I)V+212 java.desktop@16
j  sun.java2d.d3d.D3DSurfaceData.createData(Lsun/java2d/d3d/D3DGraphicsConfig;IILjava/awt/image/ColorModel;Ljava/awt/Image;I)Lsun/java2d/d3d/D3DSurfaceData;+70 java.desktop@16
j  sun.java2d.d3d.D3DGraphicsConfig.createManagedSurface(III)Lsun/java2d/SurfaceData;+10 java.desktop@16
j  sun.java2d.d3d.D3DSurfaceDataProxy.validateSurfaceData(Lsun/java2d/SurfaceData;Lsun/java2d/SurfaceData;II)Lsun/java2d/SurfaceData;+22 java.desktop@16
J 3263 c2 sun.java2d.SurfaceDataProxy.replaceData(Lsun/java2d/SurfaceData;ILsun/java2d/loops/CompositeType;Ljava/awt/Color;)Lsun/java2d/SurfaceData; java.desktop@16 (329 bytes) @ 0x0000028e73935be0 [0x0000028e739353c0+0x0000000000000820]
J 3249 c2 sun.java2d.pipe.DrawImage.copyImage(Lsun/java2d/SunGraphics2D;Ljava/awt/Image;IILjava/awt/Color;Ljava/awt/image/ImageObserver;)Z java.desktop@16 (60 bytes) @ 0x0000028e73ac6ff0 [0x0000028e73ac3f40+0x00000000000030b0]
J 2809 c2 RSImageProducer.drawGraphics(ILjava/awt/Graphics;I)V (17 bytes) @ 0x0000028e7391c2f4 [0x0000028e7391c040+0x00000000000002b4]
J 3183 c2 client.drawLoginScreen(Z)V (866 bytes) @ 0x0000028e73c83d44 [0x0000028e73c83ae0+0x0000000000000264]
J 3176% c2 RSApplet.run()V (711 bytes) @ 0x0000028e739def60 [0x0000028e739dec60+0x0000000000000300]
j  client.run()V+15
j  java.lang.Thread.run()V+11 java.base@16
v  ~StubRoutines::call_stub

siginfo: EXCEPTION_ACCESS_VIOLATION (0xc0000005), reading address 0x0000000000000000


Register to memory mapping:

RIP=0x00007ffa6f7af557 awt.dll
RAX=0x0000000000010034 is an unknown value
RBX=0x0000000000000001 is an unknown value
RCX=0x0 is NULL
RDX=0x0000000000000001 is an unknown value
RSP=0x000000c20df9ea40 is pointing into the stack for thread: 0x0000028e09932840
RBP=0x0000000000020001 is an unknown value
RSI=0x0000028e7f7d2050 points into unknown readable memory: 0x6e75735f00000002 | 02 00 00 00 5f 73 75 6e
RDI=0x0000000000000002 is an unknown value
R8 =0x000000c20df9e9e8 is pointing into the stack for thread: 0x0000028e09932840
R9 =0x0000000000020001 is an unknown value
R10=0x0 is NULL
R11=0x0000000000000246 is an unknown value
R12=0x0 is NULL
R13={method} {0x0000028e7f0ee6f8} 'initOps' '(III)V' in 'sun/java2d/d3d/D3DSurfaceData'
R14=0x000000c20df9eb60 is pointing into the stack for thread: 0x0000028e09932840
R15=0x0000028e09932840 is a thread


Registers:
RAX=0x0000000000010034, RBX=0x0000000000000001, RCX=0x0000000000000000, RDX=0x0000000000000001
RSP=0x000000c20df9ea40, RBP=0x0000000000020001, RSI=0x0000028e7f7d2050, RDI=0x0000000000000002
R8 =0x000000c20df9e9e8, R9 =0x0000000000020001, R10=0x0000000000000000, R11=0x0000000000000246
R12=0x0000000000000000, R13=0x0000028e7f0ee6f0, R14=0x000000c20df9eb60, R15=0x0000028e09932840
RIP=0x00007ffa6f7af557, EFLAGS=0x0000000000010297

Top of Stack: (sp=0x000000c20df9ea40)
0x000000c20df9ea40:   0000000000000000 0000028e7f7d2050
0x000000c20df9ea50:   0000028e020101e0 0000028e6bca9512
0x000000c20df9ea60:   0000000000000001 00007ffa6f7b3b94
0x000000c20df9ea70:   0000028e020101e0 0000000000000000
0x000000c20df9ea80:   0000000000000168 0000028e7ed9e1d7
0x000000c20df9ea90:   000000000014cc72 0000028e6bcadd22
0x000000c20df9eaa0:   0000028e7f0ee6f0 000000c20df9eb28
0x000000c20df9eab0:   000000000000015a 0000000000000000
0x000000c20df9eac0:   000000c2000000c8 000000c20df9eb40
0x000000c20df9ead0:   0000028e6bca9512 00000000fb8e0530
0x000000c20df9eae0:   000000c20df9eae0 0000000000000000
0x000000c20df9eaf0:   000000c20df9eb60 0000028e7f0f0c58
0x000000c20df9eb00:   0000000000000000 00000000ed81eff8
0x000000c20df9eb10:   0000028e7f0ee6f0 0000000000000000
0x000000c20df9eb20:   000000c20df9eb48 000000c20df9ebb0
0x000000c20df9eb30:   0000028e6bca9512 0000000000000000 

Instructions: (pc=0x00007ffa6f7af557)
0x00007ffa6f7af457:   01 00 00 48 8d 8c 24 90 03 00 00 8b f8 ff 15 9e
0x00007ffa6f7af467:   60 0c 00 4c 8d 44 24 20 48 8d 15 82 6a 0d 00 48
0x00007ffa6f7af477:   8d 8c 24 90 03 00 00 e8 c5 0b 00 00 83 ff 01 75
0x00007ffa6f7af487:   1a 3b c7 75 16 8b 54 24 20 4d 8b c6 8b 4c 24 24
0x00007ffa6f7af497:   e8 b4 f6 ff ff 85 c0 79 02 ff c6 ff c3 4c 8d 44
0x00007ffa6f7af4a7:   24 30 8b d3 45 33 c9 33 c9 ff 15 c2 67 11 00 85
0x00007ffa6f7af4b7:   c0 0f 85 28 ff ff ff 4c 8b b4 24 c8 03 00 00 48
0x00007ffa6f7af4c7:   8b bc 24 c0 03 00 00 3b f5 74 04 33 c0 eb 18 ba
0x00007ffa6f7af4d7:   01 00 00 00 4c 8d 05 1e 6a 0d 00 8b ca e8 2b 32
0x00007ffa6f7af4e7:   05 00 b8 05 40 00 80 48 8b 8c 24 a0 03 00 00 48
0x00007ffa6f7af4f7:   33 cc e8 72 20 0c 00 4c 8d 9c 24 b0 03 00 00 49
0x00007ffa6f7af507:   8b 5b 20 49 8b 6b 28 49 8b e3 5e c3 cc cc cc cc
0x00007ffa6f7af517:   cc cc cc cc cc cc cc cc cc 48 89 6c 24 18 56 48
0x00007ffa6f7af527:   83 ec 20 48 8b f1 48 8b ea 48 8b 49 08 48 85 c9
0x00007ffa6f7af537:   74 4b 48 8b 01 48 89 5c 24 30 48 89 7c 24 38 ff
0x00007ffa6f7af547:   50 20 33 db 8b f8 85 c0 74 18 48 8b 4e 08 8b d3
0x00007ffa6f7af557:   4c 8b 01 41 ff 50 78 48 3b c5 74 1d ff c3 3b df
0x00007ffa6f7af567:   72 e8 33 c0 48 8b 5c 24 30 48 8b 7c 24 38 48 8b
0x00007ffa6f7af577:   6c 24 40 48 83 c4 20 5e c3 8b c3 eb e7 48 8b 6c
0x00007ffa6f7af587:   24 40 33 c0 48 83 c4 20 5e c3 cc cc cc cc cc cc
0x00007ffa6f7af597:   cc cc cc cc cc cc cc cc cc 40 53 48 83 ec 20 48
0x00007ffa6f7af5a7:   8b d9 8b ca e8 68 31 0b 00 48 85 c0 75 06 48 83
0x00007ffa6f7af5b7:   c4 20 5b c3 48 8b d0 48 8b cb 48 83 c4 20 5b e9
0x00007ffa6f7af5c7:   55 ff ff ff cc cc cc cc cc 48 63 41 18 48 8b d1
0x00007ffa6f7af5d7:   85 c0 79 05 48 8b 41 20 c3 48 8d 0c 40 48 8b 42
0x00007ffa6f7af5e7:   30 48 8b 44 c8 10 c3 cc cc 48 89 5c 24 08 48 89
0x00007ffa6f7af5f7:   74 24 10 57 41 56 41 57 48 83 ec 20 33 db 8b fa
0x00007ffa6f7af607:   4d 8b f8 48 8b f1 3b 11 0f 83 b4 00 00 00 48 8b
0x00007ffa6f7af617:   49 30 48 85 c9 0f 84 a7 00 00 00 4c 8d 04 7f 4e
0x00007ffa6f7af627:   8d 34 c5 00 00 00 00 41 8b 54 0e 08 49 8d 04 0e
0x00007ffa6f7af637:   83 fa ff 0f 84 89 00 00 00 85 d2 75 7a 48 89 5c
0x00007ffa6f7af647:   24 58 48 39 18 74 07 bb 05 40 00 80 eb 45 8b d7 


Stack slot to memory mapping:
stack at sp + 0 slots: 0x0 is NULL
stack at sp + 1 slots: 0x0000028e7f7d2050 points into unknown readable memory: 0x6e75735f00000002 | 02 00 00 00 5f 73 75 6e
stack at sp + 2 slots: 0x0000028e020101e0 points into unknown readable memory: 0x00007ffa6f7b33e0 | e0 33 7b 6f fa 7f 00 00
stack at sp + 3 slots: 0x0000028e6bca9512 is at code_begin+1138 in an Interpreter codelet
return entry points  [0x0000028e6bca90a0, 0x0000028e6bca9be0]  2880 bytes
stack at sp + 4 slots: 0x0000000000000001 is an unknown value
stack at sp + 5 slots: 0x00007ffa6f7b3b94 awt.dll
stack at sp + 6 slots: 0x0000028e020101e0 points into unknown readable memory: 0x00007ffa6f7b33e0 | e0 33 7b 6f fa 7f 00 00
stack at sp + 7 slots: 0x0 is NULL


---------------  P R O C E S S  ---------------

Threads class SMR info:
_java_thread_list=0x0000028e0a24b030, length=20, elements={
0x0000028e7e8f1470, 0x0000028e7e8f7010, 0x0000028e7e8fec40, 0x0000028e7e901560,
0x0000028e7e901e70, 0x0000028e7e903790, 0x0000028e7e907d90, 0x0000028e7e9127b0,
0x0000028e7e921500, 0x0000028e7f53c8d0, 0x0000028e7f54db40, 0x0000028e7f736d10,
0x0000028e7f720ce0, 0x0000028e7f721200, 0x0000028e03712e80, 0x0000028e09932840,
0x0000028e09933710, 0x0000028e099331c0, 0x0000028e0a12a950, 0x0000028e0a132380
}

Java Threads: ( => current thread )
  0x0000028e7e8f1470 JavaThread "Reference Handler" daemon [_thread_blocked, id=5076, stack(0x000000c20ca00000,0x000000c20cb00000)]
  0x0000028e7e8f7010 JavaThread "Finalizer" daemon [_thread_blocked, id=4316, stack(0x000000c20cb00000,0x000000c20cc00000)]
  0x0000028e7e8fec40 JavaThread "Signal Dispatcher" daemon [_thread_blocked, id=1400, stack(0x000000c20cc00000,0x000000c20cd00000)]
  0x0000028e7e901560 JavaThread "Attach Listener" daemon [_thread_blocked, id=14956, stack(0x000000c20cd00000,0x000000c20ce00000)]
  0x0000028e7e901e70 JavaThread "Service Thread" daemon [_thread_blocked, id=11552, stack(0x000000c20ce00000,0x000000c20cf00000)]
  0x0000028e7e903790 JavaThread "Monitor Deflation Thread" daemon [_thread_blocked, id=6544, stack(0x000000c20cf00000,0x000000c20d000000)]
  0x0000028e7e907d90 JavaThread "C2 CompilerThread0" daemon [_thread_blocked, id=8356, stack(0x000000c20d000000,0x000000c20d100000)]
  0x0000028e7e9127b0 JavaThread "C1 CompilerThread0" daemon [_thread_blocked, id=14152, stack(0x000000c20d100000,0x000000c20d200000)]
  0x0000028e7e921500 JavaThread "Sweeper thread" daemon [_thread_blocked, id=16580, stack(0x000000c20d200000,0x000000c20d300000)]
  0x0000028e7f53c8d0 JavaThread "Notification Thread" daemon [_thread_blocked, id=15588, stack(0x000000c20d300000,0x000000c20d400000)]
  0x0000028e7f54db40 JavaThread "Common-Cleaner" daemon [_thread_blocked, id=14656, stack(0x000000c20d500000,0x000000c20d600000)]
  0x0000028e7f736d10 JavaThread "Thread-1" daemon [_thread_blocked, id=7876, stack(0x000000c20d600000,0x000000c20d700000)]
  0x0000028e7f720ce0 JavaThread "Java2D Disposer" daemon [_thread_blocked, id=5052, stack(0x000000c20d700000,0x000000c20d800000)]
  0x0000028e7f721200 JavaThread "AWT-Shutdown" [_thread_blocked, id=5936, stack(0x000000c20d800000,0x000000c20d900000)]
  0x0000028e03712e80 JavaThread "AWT-EventQueue-0" [_thread_blocked, id=3952, stack(0x000000c20dca0000,0x000000c20dda0000)]
=>0x0000028e09932840 JavaThread "Thread-2" [_thread_in_native, id=16584, stack(0x000000c20dea0000,0x000000c20dfa0000)]
  0x0000028e09933710 JavaThread "DestroyJavaVM" [_thread_blocked, id=6956, stack(0x000000c20c300000,0x000000c20c400000)]
  0x0000028e099331c0 JavaThread "Thread-4" [_thread_blocked, id=5964, stack(0x000000c20eb10000,0x000000c20ec10000)]
  0x0000028e0a12a950 JavaThread "Thread-5" [_thread_blocked, id=4688, stack(0x000000c20ef10000,0x000000c20f010000)]
  0x0000028e0a132380 JavaThread "Thread-57" [_thread_blocked, id=12424, stack(0x000000c20ea10000,0x000000c20eb10000)]

Other Threads:
  0x0000028e7e8ea4f0 VMThread "VM Thread" [stack: 0x000000c20c900000,0x000000c20ca00000] [id=11860]
  0x0000028e7f54b230 WatcherThread [stack: 0x000000c20d400000,0x000000c20d500000] [id=3420]
  0x0000028e64593ca0 GCTaskThread "GC Thread#0" [stack: 0x000000c20c400000,0x000000c20c500000] [id=14472]
  0x0000028e0992a060 GCTaskThread "GC Thread#1" [stack: 0x000000c20e310000,0x000000c20e410000] [id=1120]
  0x0000028e099311b0 GCTaskThread "GC Thread#2" [stack: 0x000000c20e410000,0x000000c20e510000] [id=3156]
  0x0000028e0992e0b0 GCTaskThread "GC Thread#3" [stack: 0x000000c20e510000,0x000000c20e610000] [id=4356]
  0x0000028e0992a370 GCTaskThread "GC Thread#4" [stack: 0x000000c20e610000,0x000000c20e710000] [id=16888]
  0x0000028e0992f000 GCTaskThread "GC Thread#5" [stack: 0x000000c20e710000,0x000000c20e810000] [id=5652]
  0x0000028e09930880 GCTaskThread "GC Thread#6" [stack: 0x000000c20e810000,0x000000c20e910000] [id=8188]
  0x0000028e0992afb0 GCTaskThread "GC Thread#7" [stack: 0x000000c20e910000,0x000000c20ea10000] [id=1300]
  0x0000028e0992d780 GCTaskThread "GC Thread#8" [stack: 0x000000c20e010000,0x000000c20e110000] [id=13820]
  0x0000028e0992e3c0 GCTaskThread "GC Thread#9" [stack: 0x000000c20e110000,0x000000c20e210000] [id=10612]
  0x0000028e64598280 ConcurrentGCThread "G1 Main Marker" [stack: 0x000000c20c500000,0x000000c20c600000] [id=10748]
  0x0000028e645994c0 ConcurrentGCThread "G1 Conc#0" [stack: 0x000000c20c600000,0x000000c20c700000] [id=12816]
  0x0000028e6460d8f0 ConcurrentGCThread "G1 Refine#0" [stack: 0x000000c20c700000,0x000000c20c800000] [id=15664]
  0x0000028e6460e300 ConcurrentGCThread "G1 Service" [stack: 0x000000c20c800000,0x000000c20c900000] [id=15576]

Threads with active compile tasks:

VM state: not at safepoint (normal execution)

VM Mutex/Monitor currently owned by a thread: None

Heap address: 0x00000000ed400000, size: 300 MB, Compressed Oops mode: 32-bit
CDS archive(s) mapped at: [0x0000000800000000-0x0000000800bb0000-0x0000000800bb0000), size 12255232, SharedBaseAddress: 0x0000000800000000, ArchiveRelocationMode: 0.
Compressed class space mapped at: 0x0000000800c00000-0x0000000840c00000, reserved size: 1073741824
Narrow klass base: 0x0000000800000000, Narrow klass shift: 3, Narrow klass range: 0x100000000

GC Precious Log:
 CPUs: 12 total, 12 available
 Memory: 16344M
 Large Page Support: Disabled
 NUMA Support: Disabled
 Compressed Oops: Enabled (32-bit)
 Heap Region Size: 1M
 Heap Min Capacity: 8M
 Heap Initial Capacity: 256M
 Heap Max Capacity: 300M
 Pre-touch: Disabled
 Parallel Workers: 10
 Concurrent Workers: 3
 Concurrent Refinement Workers: 10
 Periodic GC: Disabled

Heap:
 garbage-first heap   total 256000K, used 101726K [0x00000000ed400000, 0x0000000100000000)
  region size 1024K, 21 young (21504K), 0 survivors (0K)
 Metaspace       used 10833K, committed 11008K, reserved 1064960K
  class space    used 946K, committed 1024K, reserved 1048576K

Heap Regions: E=young(eden), S=young(survivor), O=old, HS=humongous(starts), HC=humongous(continues), CS=collection set, F=free, OA=open archive, CA=closed archive, TAMS=top-at-mark-start (previous, next)
|   0|0x00000000ed400000, 0x00000000ed4fffe8, 0x00000000ed500000| 99%| O|  |TAMS 0x00000000ed400000, 0x00000000ed400000| Untracked 
|   1|0x00000000ed500000, 0x00000000ed600000, 0x00000000ed600000|100%|HS|  |TAMS 0x00000000ed600000, 0x00000000ed500000| Untracked 
|   2|0x00000000ed600000, 0x00000000ed700000, 0x00000000ed700000|100%|HS|  |TAMS 0x00000000ed700000, 0x00000000ed600000| Untracked 
|   3|0x00000000ed700000, 0x00000000ed800000, 0x00000000ed800000|100%|HC|  |TAMS 0x00000000ed800000, 0x00000000ed700000| Untracked 
|   4|0x00000000ed800000, 0x00000000ed8fffe8, 0x00000000ed900000| 99%| O|  |TAMS 0x00000000ed800000, 0x00000000ed800000| Untracked 
|   5|0x00000000ed900000, 0x00000000eda00000, 0x00000000eda00000|100%| O|  |TAMS 0x00000000ed900000, 0x00000000ed900000| Untracked 
|   6|0x00000000eda00000, 0x00000000edb00000, 0x00000000edb00000|100%|HS|  |TAMS 0x00000000edb00000, 0x00000000eda00000| Untracked 
|   7|0x00000000edb00000, 0x00000000edc00000, 0x00000000edc00000|100%|HC|  |TAMS 0x00000000edc00000, 0x00000000edb00000| Untracked 
|   8|0x00000000edc00000, 0x00000000edcffff0, 0x00000000edd00000| 99%| O|  |TAMS 0x00000000edc00000, 0x00000000edc00000| Untracked 
|   9|0x00000000edd00000, 0x00000000eddffff8, 0x00000000ede00000| 99%| O|  |TAMS 0x00000000edd00000, 0x00000000edd00000| Untracked 
|  10|0x00000000ede00000, 0x00000000edf00000, 0x00000000edf00000|100%| O|  |TAMS 0x00000000ede00000, 0x00000000ede00000| Untracked 
|  11|0x00000000edf00000, 0x00000000ee000000, 0x00000000ee000000|100%| O|  |TAMS 0x00000000edf00000, 0x00000000edf00000| Untracked 
|  12|0x00000000ee000000, 0x00000000ee100000, 0x00000000ee100000|100%| O|  |TAMS 0x00000000ee000000, 0x00000000ee000000| Untracked 
|  13|0x00000000ee100000, 0x00000000ee1fff68, 0x00000000ee200000| 99%| O|  |TAMS 0x00000000ee100000, 0x00000000ee100000| Untracked 
|  14|0x00000000ee200000, 0x00000000ee2ffff0, 0x00000000ee300000| 99%| O|  |TAMS 0x00000000ee200000, 0x00000000ee200000| Untracked 
|  15|0x00000000ee300000, 0x00000000ee3ffff8, 0x00000000ee400000| 99%| O|  |TAMS 0x00000000ee300000, 0x00000000ee300000| Untracked 
|  16|0x00000000ee400000, 0x00000000ee4ffff0, 0x00000000ee500000| 99%| O|  |TAMS 0x00000000ee400000, 0x00000000ee400000| Untracked 
|  17|0x00000000ee500000, 0x00000000ee5fff80, 0x00000000ee600000| 99%| O|  |TAMS 0x00000000ee500000, 0x00000000ee500000| Untracked 
|  18|0x00000000ee600000, 0x00000000ee700000, 0x00000000ee700000|100%| O|  |TAMS 0x00000000ee600000, 0x00000000ee600000| Untracked 
|  19|0x00000000ee700000, 0x00000000ee7ffff8, 0x00000000ee800000| 99%| O|  |TAMS 0x00000000ee700000, 0x00000000ee700000| Untracked 
|  20|0x00000000ee800000, 0x00000000ee900000, 0x00000000ee900000|100%| O|  |TAMS 0x00000000ee800000, 0x00000000ee800000| Untracked 
|  21|0x00000000ee900000, 0x00000000ee9ffff8, 0x00000000eea00000| 99%| O|  |TAMS 0x00000000ee900000, 0x00000000ee900000| Untracked 
|  22|0x00000000eea00000, 0x00000000eeaffff8, 0x00000000eeb00000| 99%| O|  |TAMS 0x00000000eea00000, 0x00000000eea00000| Untracked 
|  23|0x00000000eeb00000, 0x00000000eebfffe0, 0x00000000eec00000| 99%| O|  |TAMS 0x00000000eeb00000, 0x00000000eeb00000| Untracked 
|  24|0x00000000eec00000, 0x00000000eecffff0, 0x00000000eed00000| 99%| O|  |TAMS 0x00000000eec00000, 0x00000000eec00000| Untracked 
|  25|0x00000000eed00000, 0x00000000eedfffe8, 0x00000000eee00000| 99%| O|  |TAMS 0x00000000eed00000, 0x00000000eed00000| Untracked 
|  26|0x00000000eee00000, 0x00000000eef00000, 0x00000000eef00000|100%| O|  |TAMS 0x00000000eee00000, 0x00000000eee00000| Untracked 
|  27|0x00000000eef00000, 0x00000000ef000000, 0x00000000ef000000|100%| O|  |TAMS 0x00000000eef00000, 0x00000000eef00000| Untracked 
|  28|0x00000000ef000000, 0x00000000ef0ffff8, 0x00000000ef100000| 99%| O|  |TAMS 0x00000000ef000000, 0x00000000ef000000| Untracked 
|  29|0x00000000ef100000, 0x00000000ef1ffff8, 0x00000000ef200000| 99%| O|  |TAMS 0x00000000ef100000, 0x00000000ef100000| Untracked 
|  30|0x00000000ef200000, 0x00000000ef2ffff0, 0x00000000ef300000| 99%| O|  |TAMS 0x00000000ef200000, 0x00000000ef200000| Untracked 
|  31|0x00000000ef300000, 0x00000000ef3fffe8, 0x00000000ef400000| 99%| O|  |TAMS 0x00000000ef300000, 0x00000000ef300000| Untracked 
|  32|0x00000000ef400000, 0x00000000ef4ffff8, 0x00000000ef500000| 99%| O|  |TAMS 0x00000000ef400000, 0x00000000ef400000| Untracked 
|  33|0x00000000ef500000, 0x00000000ef5fffa8, 0x00000000ef600000| 99%| O|  |TAMS 0x00000000ef500000, 0x00000000ef500000| Untracked 
|  34|0x00000000ef600000, 0x00000000ef6fffe8, 0x00000000ef700000| 99%| O|  |TAMS 0x00000000ef600000, 0x00000000ef600000| Untracked 
|  35|0x00000000ef700000, 0x00000000ef7ffff0, 0x00000000ef800000| 99%| O|  |TAMS 0x00000000ef700000, 0x00000000ef700000| Untracked 
|  36|0x00000000ef800000, 0x00000000ef900000, 0x00000000ef900000|100%| O|  |TAMS 0x00000000ef800000, 0x00000000ef800000| Untracked 
|  37|0x00000000ef900000, 0x00000000ef9ffff8, 0x00000000efa00000| 99%| O|  |TAMS 0x00000000ef900000, 0x00000000ef900000| Untracked 
|  38|0x00000000efa00000, 0x00000000efaffff0, 0x00000000efb00000| 99%| O|  |TAMS 0x00000000efa00000, 0x00000000efa00000| Untracked 
|  39|0x00000000efb00000, 0x00000000efbffff0, 0x00000000efc00000| 99%| O|  |TAMS 0x00000000efb00000, 0x00000000efb00000| Untracked 
|  40|0x00000000efc00000, 0x00000000efcffff0, 0x00000000efd00000| 99%| O|  |TAMS 0x00000000efc00000, 0x00000000efc00000| Untracked 
|  41|0x00000000efd00000, 0x00000000efe00000, 0x00000000efe00000|100%| O|  |TAMS 0x00000000efd00000, 0x00000000efd00000| Untracked 
|  42|0x00000000efe00000, 0x00000000eff00000, 0x00000000eff00000|100%|HS|  |TAMS 0x00000000eff00000, 0x00000000efe00000| Untracked 
|  43|0x00000000eff00000, 0x00000000f0000000, 0x00000000f0000000|100%|HS|  |TAMS 0x00000000f0000000, 0x00000000eff00000| Untracked 
|  44|0x00000000f0000000, 0x00000000f0100000, 0x00000000f0100000|100%|HC|  |TAMS 0x00000000f0100000, 0x00000000f0000000| Untracked 
|  45|0x00000000f0100000, 0x00000000f0200000, 0x00000000f0200000|100%|HS|  |TAMS 0x00000000f0200000, 0x00000000f0100000| Untracked 
|  46|0x00000000f0200000, 0x00000000f0300000, 0x00000000f0300000|100%|HS|  |TAMS 0x00000000f0300000, 0x00000000f0200000| Untracked 
|  47|0x00000000f0300000, 0x00000000f03fffe8, 0x00000000f0400000| 99%| O|  |TAMS 0x00000000f0300000, 0x00000000f0300000| Untracked 
|  48|0x00000000f0400000, 0x00000000f04ffff0, 0x00000000f0500000| 99%| O|  |TAMS 0x00000000f0400000, 0x00000000f0400000| Untracked 
|  49|0x00000000f0500000, 0x00000000f05ffff8, 0x00000000f0600000| 99%| O|  |TAMS 0x00000000f0500000, 0x00000000f0500000| Untracked 
|  50|0x00000000f0600000, 0x00000000f06ffff8, 0x00000000f0700000| 99%| O|  |TAMS 0x00000000f0600000, 0x00000000f0600000| Untracked 
|  51|0x00000000f0700000, 0x00000000f0800000, 0x00000000f0800000|100%| O|  |TAMS 0x00000000f0700000, 0x00000000f0700000| Untracked 
|  52|0x00000000f0800000, 0x00000000f08ffff0, 0x00000000f0900000| 99%| O|  |TAMS 0x00000000f0800000, 0x00000000f0800000| Untracked 
|  53|0x00000000f0900000, 0x00000000f0a00000, 0x00000000f0a00000|100%| O|  |TAMS 0x00000000f0900000, 0x00000000f0900000| Untracked 
|  54|0x00000000f0a00000, 0x00000000f0afffe8, 0x00000000f0b00000| 99%| O|  |TAMS 0x00000000f0a00000, 0x00000000f0a00000| Untracked 
|  55|0x00000000f0b00000, 0x00000000f0bfffe8, 0x00000000f0c00000| 99%| O|  |TAMS 0x00000000f0b00000, 0x00000000f0b00000| Untracked 
|  56|0x00000000f0c00000, 0x00000000f0d00000, 0x00000000f0d00000|100%| O|  |TAMS 0x00000000f0c00000, 0x00000000f0c00000| Untracked 
|  57|0x00000000f0d00000, 0x00000000f0dfffb8, 0x00000000f0e00000| 99%| O|  |TAMS 0x00000000f0d00000, 0x00000000f0d00000| Untracked 
|  58|0x00000000f0e00000, 0x00000000f0efffb0, 0x00000000f0f00000| 99%| O|  |TAMS 0x00000000f0e00000, 0x00000000f0e00000| Untracked 
|  59|0x00000000f0f00000, 0x00000000f0fffff8, 0x00000000f1000000| 99%| O|  |TAMS 0x00000000f0f00000, 0x00000000f0f00000| Untracked 
|  60|0x00000000f1000000, 0x00000000f10ffff8, 0x00000000f1100000| 99%| O|  |TAMS 0x00000000f1000000, 0x00000000f1000000| Untracked 
|  61|0x00000000f1100000, 0x00000000f11ffff8, 0x00000000f1200000| 99%| O|  |TAMS 0x00000000f1100000, 0x00000000f1100000| Untracked 
|  62|0x00000000f1200000, 0x00000000f1300000, 0x00000000f1300000|100%| O|  |TAMS 0x00000000f1200000, 0x00000000f1200000| Untracked 
|  63|0x00000000f1300000, 0x00000000f13fffe8, 0x00000000f1400000| 99%| O|  |TAMS 0x00000000f1300000, 0x00000000f1300000| Untracked 
|  64|0x00000000f1400000, 0x00000000f14ffff0, 0x00000000f1500000| 99%| O|  |TAMS 0x00000000f1400000, 0x00000000f1400000| Untracked 
|  65|0x00000000f1500000, 0x00000000f15c3f18, 0x00000000f1600000| 76%| O|  |TAMS 0x00000000f1500000, 0x00000000f1500000| Untracked 
|  66|0x00000000f1600000, 0x00000000f16d70f8, 0x00000000f1700000| 84%| O|  |TAMS 0x00000000f1600000, 0x00000000f1600000| Untracked 
|  67|0x00000000f1700000, 0x00000000f17ff6d0, 0x00000000f1800000| 99%| O|  |TAMS 0x00000000f1700000, 0x00000000f1700000| Untracked 
|  68|0x00000000f1800000, 0x00000000f18fe0d0, 0x00000000f1900000| 99%| O|  |TAMS 0x00000000f1800000, 0x00000000f1800000| Untracked 
|  69|0x00000000f1900000, 0x00000000f19fa5a8, 0x00000000f1a00000| 97%| O|  |TAMS 0x00000000f1900000, 0x00000000f1900000| Untracked 
|  70|0x00000000f1a00000, 0x00000000f1af7000, 0x00000000f1b00000| 96%| O|  |TAMS 0x00000000f1a00000, 0x00000000f1a00000| Untracked 
|  71|0x00000000f1b00000, 0x00000000f1c00000, 0x00000000f1c00000|100%|HS|  |TAMS 0x00000000f1b00000, 0x00000000f1b00000| Complete 
|  72|0x00000000f1c00000, 0x00000000f1d00000, 0x00000000f1d00000|100%|HC|  |TAMS 0x00000000f1c00000, 0x00000000f1c00000| Complete 
|  73|0x00000000f1d00000, 0x00000000f1e00000, 0x00000000f1e00000|100%|HS|  |TAMS 0x00000000f1e00000, 0x00000000f1d00000| Untracked 
|  74|0x00000000f1e00000, 0x00000000f1e00000, 0x00000000f1f00000|  0%| F|  |TAMS 0x00000000f1e00000, 0x00000000f1e00000| Untracked 
|  75|0x00000000f1f00000, 0x00000000f2000000, 0x00000000f2000000|100%|HS|  |TAMS 0x00000000f2000000, 0x00000000f1f00000| Untracked 
|  76|0x00000000f2000000, 0x00000000f2100000, 0x00000000f2100000|100%|HC|  |TAMS 0x00000000f2100000, 0x00000000f2000000| Untracked 
|  77|0x00000000f2100000, 0x00000000f2100000, 0x00000000f2200000|  0%| F|  |TAMS 0x00000000f2100000, 0x00000000f2100000| Untracked 
|  78|0x00000000f2200000, 0x00000000f2200000, 0x00000000f2300000|  0%| F|  |TAMS 0x00000000f2200000, 0x00000000f2200000| Untracked 
|  79|0x00000000f2300000, 0x00000000f2300000, 0x00000000f2400000|  0%| F|  |TAMS 0x00000000f2300000, 0x00000000f2300000| Untracked 
|  80|0x00000000f2400000, 0x00000000f2500000, 0x00000000f2500000|100%|HS|  |TAMS 0x00000000f2500000, 0x00000000f2400000| Untracked 
|  81|0x00000000f2500000, 0x00000000f2500000, 0x00000000f2600000|  0%| F|  |TAMS 0x00000000f2500000, 0x00000000f2500000| Untracked 
|  82|0x00000000f2600000, 0x00000000f2600000, 0x00000000f2700000|  0%| F|  |TAMS 0x00000000f2600000, 0x00000000f2600000| Untracked 
|  83|0x00000000f2700000, 0x00000000f2700000, 0x00000000f2800000|  0%| F|  |TAMS 0x00000000f2700000, 0x00000000f2700000| Untracked 
|  84|0x00000000f2800000, 0x00000000f2800000, 0x00000000f2900000|  0%| F|  |TAMS 0x00000000f2800000, 0x00000000f2800000| Untracked 
|  85|0x00000000f2900000, 0x00000000f2900000, 0x00000000f2a00000|  0%| F|  |TAMS 0x00000000f2900000, 0x00000000f2900000| Untracked 
|  86|0x00000000f2a00000, 0x00000000f2a00000, 0x00000000f2b00000|  0%| F|  |TAMS 0x00000000f2a00000, 0x00000000f2a00000| Untracked 
|  87|0x00000000f2b00000, 0x00000000f2b00000, 0x00000000f2c00000|  0%| F|  |TAMS 0x00000000f2b00000, 0x00000000f2b00000| Untracked 
|  88|0x00000000f2c00000, 0x00000000f2c00000, 0x00000000f2d00000|  0%| F|  |TAMS 0x00000000f2c00000, 0x00000000f2c00000| Untracked 
|  89|0x00000000f2d00000, 0x00000000f2d00000, 0x00000000f2e00000|  0%| F|  |TAMS 0x00000000f2d00000, 0x00000000f2d00000| Untracked 
|  90|0x00000000f2e00000, 0x00000000f2e00000, 0x00000000f2f00000|  0%| F|  |TAMS 0x00000000f2e00000, 0x00000000f2e00000| Untracked 
|  91|0x00000000f2f00000, 0x00000000f2f00000, 0x00000000f3000000|  0%| F|  |TAMS 0x00000000f2f00000, 0x00000000f2f00000| Untracked 
|  92|0x00000000f3000000, 0x00000000f3000000, 0x00000000f3100000|  0%| F|  |TAMS 0x00000000f3000000, 0x00000000f3000000| Untracked 
|  93|0x00000000f3100000, 0x00000000f3100000, 0x00000000f3200000|  0%| F|  |TAMS 0x00000000f3100000, 0x00000000f3100000| Untracked 
|  94|0x00000000f3200000, 0x00000000f3200000, 0x00000000f3300000|  0%| F|  |TAMS 0x00000000f3200000, 0x00000000f3200000| Untracked 
|  95|0x00000000f3300000, 0x00000000f3300000, 0x00000000f3400000|  0%| F|  |TAMS 0x00000000f3300000, 0x00000000f3300000| Untracked 
|  96|0x00000000f3400000, 0x00000000f3400000, 0x00000000f3500000|  0%| F|  |TAMS 0x00000000f3400000, 0x00000000f3400000| Untracked 
|  97|0x00000000f3500000, 0x00000000f3500000, 0x00000000f3600000|  0%| F|  |TAMS 0x00000000f3500000, 0x00000000f3500000| Untracked 
|  98|0x00000000f3600000, 0x00000000f3600000, 0x00000000f3700000|  0%| F|  |TAMS 0x00000000f3600000, 0x00000000f3600000| Untracked 
|  99|0x00000000f3700000, 0x00000000f3700000, 0x00000000f3800000|  0%| F|  |TAMS 0x00000000f3700000, 0x00000000f3700000| Untracked 
| 100|0x00000000f3800000, 0x00000000f3800000, 0x00000000f3900000|  0%| F|  |TAMS 0x00000000f3800000, 0x00000000f3800000| Untracked 
| 101|0x00000000f3900000, 0x00000000f3900000, 0x00000000f3a00000|  0%| F|  |TAMS 0x00000000f3900000, 0x00000000f3900000| Untracked 
| 102|0x00000000f3a00000, 0x00000000f3a00000, 0x00000000f3b00000|  0%| F|  |TAMS 0x00000000f3a00000, 0x00000000f3a00000| Untracked 
| 103|0x00000000f3b00000, 0x00000000f3b00000, 0x00000000f3c00000|  0%| F|  |TAMS 0x00000000f3b00000, 0x00000000f3b00000| Untracked 
| 104|0x00000000f3c00000, 0x00000000f3c00000, 0x00000000f3d00000|  0%| F|  |TAMS 0x00000000f3c00000, 0x00000000f3c00000| Untracked 
| 105|0x00000000f3d00000, 0x00000000f3d00000, 0x00000000f3e00000|  0%| F|  |TAMS 0x00000000f3d00000, 0x00000000f3d00000| Untracked 
| 106|0x00000000f3e00000, 0x00000000f3e00000, 0x00000000f3f00000|  0%| F|  |TAMS 0x00000000f3e00000, 0x00000000f3e00000| Untracked 
| 107|0x00000000f3f00000, 0x00000000f3f00000, 0x00000000f4000000|  0%| F|  |TAMS 0x00000000f3f00000, 0x00000000f3f00000| Untracked 
| 108|0x00000000f4000000, 0x00000000f4000000, 0x00000000f4100000|  0%| F|  |TAMS 0x00000000f4000000, 0x00000000f4000000| Untracked 
| 109|0x00000000f4100000, 0x00000000f4100000, 0x00000000f4200000|  0%| F|  |TAMS 0x00000000f4100000, 0x00000000f4100000| Untracked 
| 110|0x00000000f4200000, 0x00000000f4200000, 0x00000000f4300000|  0%| F|  |TAMS 0x00000000f4200000, 0x00000000f4200000| Untracked 
| 111|0x00000000f4300000, 0x00000000f4300000, 0x00000000f4400000|  0%| F|  |TAMS 0x00000000f4300000, 0x00000000f4300000| Untracked 
| 112|0x00000000f4400000, 0x00000000f4400000, 0x00000000f4500000|  0%| F|  |TAMS 0x00000000f4400000, 0x00000000f4400000| Untracked 
| 113|0x00000000f4500000, 0x00000000f4500000, 0x00000000f4600000|  0%| F|  |TAMS 0x00000000f4500000, 0x00000000f4500000| Untracked 
| 114|0x00000000f4600000, 0x00000000f4600000, 0x00000000f4700000|  0%| F|  |TAMS 0x00000000f4600000, 0x00000000f4600000| Untracked 
| 115|0x00000000f4700000, 0x00000000f4700000, 0x00000000f4800000|  0%| F|  |TAMS 0x00000000f4700000, 0x00000000f4700000| Untracked 
| 116|0x00000000f4800000, 0x00000000f4800000, 0x00000000f4900000|  0%| F|  |TAMS 0x00000000f4800000, 0x00000000f4800000| Untracked 
| 117|0x00000000f4900000, 0x00000000f4900000, 0x00000000f4a00000|  0%| F|  |TAMS 0x00000000f4900000, 0x00000000f4900000| Untracked 
| 118|0x00000000f4a00000, 0x00000000f4a00000, 0x00000000f4b00000|  0%| F|  |TAMS 0x00000000f4a00000, 0x00000000f4a00000| Untracked 
| 119|0x00000000f4b00000, 0x00000000f4b00000, 0x00000000f4c00000|  0%| F|  |TAMS 0x00000000f4b00000, 0x00000000f4b00000| Untracked 
| 120|0x00000000f4c00000, 0x00000000f4c00000, 0x00000000f4d00000|  0%| F|  |TAMS 0x00000000f4c00000, 0x00000000f4c00000| Untracked 
| 121|0x00000000f4d00000, 0x00000000f4d00000, 0x00000000f4e00000|  0%| F|  |TAMS 0x00000000f4d00000, 0x00000000f4d00000| Untracked 
| 122|0x00000000f4e00000, 0x00000000f4e00000, 0x00000000f4f00000|  0%| F|  |TAMS 0x00000000f4e00000, 0x00000000f4e00000| Untracked 
| 123|0x00000000f4f00000, 0x00000000f4f00000, 0x00000000f5000000|  0%| F|  |TAMS 0x00000000f4f00000, 0x00000000f4f00000| Untracked 
| 124|0x00000000f5000000, 0x00000000f5000000, 0x00000000f5100000|  0%| F|  |TAMS 0x00000000f5000000, 0x00000000f5000000| Untracked 
| 125|0x00000000f5100000, 0x00000000f5100000, 0x00000000f5200000|  0%| F|  |TAMS 0x00000000f5100000, 0x00000000f5100000| Untracked 
| 126|0x00000000f5200000, 0x00000000f5200000, 0x00000000f5300000|  0%| F|  |TAMS 0x00000000f5200000, 0x00000000f5200000| Untracked 
| 127|0x00000000f5300000, 0x00000000f5300000, 0x00000000f5400000|  0%| F|  |TAMS 0x00000000f5300000, 0x00000000f5300000| Untracked 
| 128|0x00000000f5400000, 0x00000000f5400000, 0x00000000f5500000|  0%| F|  |TAMS 0x00000000f5400000, 0x00000000f5400000| Untracked 
| 129|0x00000000f5500000, 0x00000000f5500000, 0x00000000f5600000|  0%| F|  |TAMS 0x00000000f5500000, 0x00000000f5500000| Untracked 
| 130|0x00000000f5600000, 0x00000000f5600000, 0x00000000f5700000|  0%| F|  |TAMS 0x00000000f5600000, 0x00000000f5600000| Untracked 
| 131|0x00000000f5700000, 0x00000000f5700000, 0x00000000f5800000|  0%| F|  |TAMS 0x00000000f5700000, 0x00000000f5700000| Untracked 
| 132|0x00000000f5800000, 0x00000000f5800000, 0x00000000f5900000|  0%| F|  |TAMS 0x00000000f5800000, 0x00000000f5800000| Untracked 
| 133|0x00000000f5900000, 0x00000000f5900000, 0x00000000f5a00000|  0%| F|  |TAMS 0x00000000f5900000, 0x00000000f5900000| Untracked 
| 134|0x00000000f5a00000, 0x00000000f5a00000, 0x00000000f5b00000|  0%| F|  |TAMS 0x00000000f5a00000, 0x00000000f5a00000| Untracked 
| 135|0x00000000f5b00000, 0x00000000f5b00000, 0x00000000f5c00000|  0%| F|  |TAMS 0x00000000f5b00000, 0x00000000f5b00000| Untracked 
| 136|0x00000000f5c00000, 0x00000000f5c00000, 0x00000000f5d00000|  0%| F|  |TAMS 0x00000000f5c00000, 0x00000000f5c00000| Untracked 
| 137|0x00000000f5d00000, 0x00000000f5d00000, 0x00000000f5e00000|  0%| F|  |TAMS 0x00000000f5d00000, 0x00000000f5d00000| Untracked 
| 138|0x00000000f5e00000, 0x00000000f5e00000, 0x00000000f5f00000|  0%| F|  |TAMS 0x00000000f5e00000, 0x00000000f5e00000| Untracked 
| 139|0x00000000f5f00000, 0x00000000f5fc0090, 0x00000000f6000000| 75%| O|  |TAMS 0x00000000f5f00000, 0x00000000f5f00000| Untracked 
| 140|0x00000000f6000000, 0x00000000f608bd38, 0x00000000f6100000| 54%| O|  |TAMS 0x00000000f6000000, 0x00000000f6000000| Untracked 
| 141|0x00000000f6100000, 0x00000000f6100000, 0x00000000f6200000|  0%| F|  |TAMS 0x00000000f6100000, 0x00000000f6100000| Untracked 
| 142|0x00000000f6200000, 0x00000000f6200000, 0x00000000f6300000|  0%| F|  |TAMS 0x00000000f6200000, 0x00000000f6200000| Untracked 
| 143|0x00000000f6300000, 0x00000000f6300000, 0x00000000f6400000|  0%| F|  |TAMS 0x00000000f6300000, 0x00000000f6300000| Untracked 
| 144|0x00000000f6400000, 0x00000000f6400000, 0x00000000f6500000|  0%| F|  |TAMS 0x00000000f6400000, 0x00000000f6400000| Untracked 
| 145|0x00000000f6500000, 0x00000000f65c0628, 0x00000000f6600000| 75%| O|  |TAMS 0x00000000f6500000, 0x00000000f6500000| Untracked 
| 146|0x00000000f6600000, 0x00000000f6600000, 0x00000000f6700000|  0%| F|  |TAMS 0x00000000f6600000, 0x00000000f6600000| Untracked 
| 147|0x00000000f6700000, 0x00000000f6700000, 0x00000000f6800000|  0%| F|  |TAMS 0x00000000f6700000, 0x00000000f6700000| Untracked 
| 148|0x00000000f6800000, 0x00000000f6800000, 0x00000000f6900000|  0%| F|  |TAMS 0x00000000f6800000, 0x00000000f6800000| Untracked 
| 149|0x00000000f6900000, 0x00000000f6900000, 0x00000000f6a00000|  0%| F|  |TAMS 0x00000000f6900000, 0x00000000f6900000| Untracked 
| 150|0x00000000f6a00000, 0x00000000f6a00000, 0x00000000f6b00000|  0%| F|  |TAMS 0x00000000f6a00000, 0x00000000f6a00000| Untracked 
| 151|0x00000000f6b00000, 0x00000000f6b00000, 0x00000000f6c00000|  0%| F|  |TAMS 0x00000000f6b00000, 0x00000000f6b00000| Untracked 
| 152|0x00000000f6c00000, 0x00000000f6c00000, 0x00000000f6d00000|  0%| F|  |TAMS 0x00000000f6c00000, 0x00000000f6c00000| Untracked 
| 153|0x00000000f6d00000, 0x00000000f6d00000, 0x00000000f6e00000|  0%| F|  |TAMS 0x00000000f6d00000, 0x00000000f6d00000| Untracked 
| 154|0x00000000f6e00000, 0x00000000f6e00000, 0x00000000f6f00000|  0%| F|  |TAMS 0x00000000f6e00000, 0x00000000f6e00000| Untracked 
| 155|0x00000000f6f00000, 0x00000000f6f00000, 0x00000000f7000000|  0%| F|  |TAMS 0x00000000f6f00000, 0x00000000f6f00000| Untracked 
| 156|0x00000000f7000000, 0x00000000f7000000, 0x00000000f7100000|  0%| F|  |TAMS 0x00000000f7000000, 0x00000000f7000000| Untracked 
| 157|0x00000000f7100000, 0x00000000f7100000, 0x00000000f7200000|  0%| F|  |TAMS 0x00000000f7100000, 0x00000000f7100000| Untracked 
| 158|0x00000000f7200000, 0x00000000f7200000, 0x00000000f7300000|  0%| F|  |TAMS 0x00000000f7200000, 0x00000000f7200000| Untracked 
| 159|0x00000000f7300000, 0x00000000f7300000, 0x00000000f7400000|  0%| F|  |TAMS 0x00000000f7300000, 0x00000000f7300000| Untracked 
| 160|0x00000000f7400000, 0x00000000f7400000, 0x00000000f7500000|  0%| F|  |TAMS 0x00000000f7400000, 0x00000000f7400000| Untracked 
| 161|0x00000000f7500000, 0x00000000f7500000, 0x00000000f7600000|  0%| F|  |TAMS 0x00000000f7500000, 0x00000000f7500000| Untracked 
| 162|0x00000000f7600000, 0x00000000f7600000, 0x00000000f7700000|  0%| F|  |TAMS 0x00000000f7600000, 0x00000000f7600000| Untracked 
| 163|0x00000000f7700000, 0x00000000f7700000, 0x00000000f7800000|  0%| F|  |TAMS 0x00000000f7700000, 0x00000000f7700000| Untracked 
| 164|0x00000000f7800000, 0x00000000f7800000, 0x00000000f7900000|  0%| F|  |TAMS 0x00000000f7800000, 0x00000000f7800000| Untracked 
| 165|0x00000000f7900000, 0x00000000f7900000, 0x00000000f7a00000|  0%| F|  |TAMS 0x00000000f7900000, 0x00000000f7900000| Untracked 
| 166|0x00000000f7a00000, 0x00000000f7a00000, 0x00000000f7b00000|  0%| F|  |TAMS 0x00000000f7a00000, 0x00000000f7a00000| Untracked 
| 167|0x00000000f7b00000, 0x00000000f7b00000, 0x00000000f7c00000|  0%| F|  |TAMS 0x00000000f7b00000, 0x00000000f7b00000| Untracked 
| 168|0x00000000f7c00000, 0x00000000f7c00000, 0x00000000f7d00000|  0%| F|  |TAMS 0x00000000f7c00000, 0x00000000f7c00000| Untracked 
| 169|0x00000000f7d00000, 0x00000000f7d00000, 0x00000000f7e00000|  0%| F|  |TAMS 0x00000000f7d00000, 0x00000000f7d00000| Untracked 
| 170|0x00000000f7e00000, 0x00000000f7e00000, 0x00000000f7f00000|  0%| F|  |TAMS 0x00000000f7e00000, 0x00000000f7e00000| Untracked 
| 171|0x00000000f7f00000, 0x00000000f7f00000, 0x00000000f8000000|  0%| F|  |TAMS 0x00000000f7f00000, 0x00000000f7f00000| Untracked 
| 172|0x00000000f8000000, 0x00000000f8000000, 0x00000000f8100000|  0%| F|  |TAMS 0x00000000f8000000, 0x00000000f8000000| Untracked 
| 173|0x00000000f8100000, 0x00000000f8100000, 0x00000000f8200000|  0%| F|  |TAMS 0x00000000f8100000, 0x00000000f8100000| Untracked 
| 174|0x00000000f8200000, 0x00000000f8200000, 0x00000000f8300000|  0%| F|  |TAMS 0x00000000f8200000, 0x00000000f8200000| Untracked 
| 175|0x00000000f8300000, 0x00000000f8300000, 0x00000000f8400000|  0%| F|  |TAMS 0x00000000f8300000, 0x00000000f8300000| Untracked 
| 176|0x00000000f8400000, 0x00000000f8400000, 0x00000000f8500000|  0%| F|  |TAMS 0x00000000f8400000, 0x00000000f8400000| Untracked 
| 177|0x00000000f8500000, 0x00000000f8500000, 0x00000000f8600000|  0%| F|  |TAMS 0x00000000f8500000, 0x00000000f8500000| Untracked 
| 178|0x00000000f8600000, 0x00000000f8600000, 0x00000000f8700000|  0%| F|  |TAMS 0x00000000f8600000, 0x00000000f8600000| Untracked 
| 179|0x00000000f8700000, 0x00000000f8700000, 0x00000000f8800000|  0%| F|  |TAMS 0x00000000f8700000, 0x00000000f8700000| Untracked 
| 180|0x00000000f8800000, 0x00000000f8800000, 0x00000000f8900000|  0%| F|  |TAMS 0x00000000f8800000, 0x00000000f8800000| Untracked 
| 181|0x00000000f8900000, 0x00000000f8900000, 0x00000000f8a00000|  0%| F|  |TAMS 0x00000000f8900000, 0x00000000f8900000| Untracked 
| 182|0x00000000f8a00000, 0x00000000f8a00000, 0x00000000f8b00000|  0%| F|  |TAMS 0x00000000f8a00000, 0x00000000f8a00000| Untracked 
| 183|0x00000000f8b00000, 0x00000000f8b00000, 0x00000000f8c00000|  0%| F|  |TAMS 0x00000000f8b00000, 0x00000000f8b00000| Untracked 
| 184|0x00000000f8c00000, 0x00000000f8c00000, 0x00000000f8d00000|  0%| F|  |TAMS 0x00000000f8c00000, 0x00000000f8c00000| Untracked 
| 185|0x00000000f8d00000, 0x00000000f8d00000, 0x00000000f8e00000|  0%| F|  |TAMS 0x00000000f8d00000, 0x00000000f8d00000| Untracked 
| 186|0x00000000f8e00000, 0x00000000f8e00000, 0x00000000f8f00000|  0%| F|  |TAMS 0x00000000f8e00000, 0x00000000f8e00000| Untracked 
| 187|0x00000000f8f00000, 0x00000000f8f00000, 0x00000000f9000000|  0%| F|  |TAMS 0x00000000f8f00000, 0x00000000f8f00000| Untracked 
| 188|0x00000000f9000000, 0x00000000f9000000, 0x00000000f9100000|  0%| F|  |TAMS 0x00000000f9000000, 0x00000000f9000000| Untracked 
| 189|0x00000000f9100000, 0x00000000f9100000, 0x00000000f9200000|  0%| F|  |TAMS 0x00000000f9100000, 0x00000000f9100000| Untracked 
| 190|0x00000000f9200000, 0x00000000f9200000, 0x00000000f9300000|  0%| F|  |TAMS 0x00000000f9200000, 0x00000000f9200000| Untracked 
| 191|0x00000000f9300000, 0x00000000f9300000, 0x00000000f9400000|  0%| F|  |TAMS 0x00000000f9300000, 0x00000000f9300000| Untracked 
| 192|0x00000000f9400000, 0x00000000f9400000, 0x00000000f9500000|  0%| F|  |TAMS 0x00000000f9400000, 0x00000000f9400000| Untracked 
| 193|0x00000000f9500000, 0x00000000f9500000, 0x00000000f9600000|  0%| F|  |TAMS 0x00000000f9500000, 0x00000000f9500000| Untracked 
| 194|0x00000000f9600000, 0x00000000f9600000, 0x00000000f9700000|  0%| F|  |TAMS 0x00000000f9600000, 0x00000000f9600000| Untracked 
| 195|0x00000000f9700000, 0x00000000f9700000, 0x00000000f9800000|  0%| F|  |TAMS 0x00000000f9700000, 0x00000000f9700000| Untracked 
| 196|0x00000000f9800000, 0x00000000f9800000, 0x00000000f9900000|  0%| F|  |TAMS 0x00000000f9800000, 0x00000000f9800000| Untracked 
| 197|0x00000000f9900000, 0x00000000f9900000, 0x00000000f9a00000|  0%| F|  |TAMS 0x00000000f9900000, 0x00000000f9900000| Untracked 
| 198|0x00000000f9a00000, 0x00000000f9a00000, 0x00000000f9b00000|  0%| F|  |TAMS 0x00000000f9a00000, 0x00000000f9a00000| Untracked 
| 199|0x00000000f9b00000, 0x00000000f9b00000, 0x00000000f9c00000|  0%| F|  |TAMS 0x00000000f9b00000, 0x00000000f9b00000| Untracked 
| 200|0x00000000f9c00000, 0x00000000f9c00000, 0x00000000f9d00000|  0%| F|  |TAMS 0x00000000f9c00000, 0x00000000f9c00000| Untracked 
| 201|0x00000000f9d00000, 0x00000000f9d00000, 0x00000000f9e00000|  0%| F|  |TAMS 0x00000000f9d00000, 0x00000000f9d00000| Untracked 
| 202|0x00000000f9e00000, 0x00000000f9e00000, 0x00000000f9f00000|  0%| F|  |TAMS 0x00000000f9e00000, 0x00000000f9e00000| Untracked 
| 203|0x00000000f9f00000, 0x00000000f9f00000, 0x00000000fa000000|  0%| F|  |TAMS 0x00000000f9f00000, 0x00000000f9f00000| Untracked 
| 204|0x00000000fa000000, 0x00000000fa000000, 0x00000000fa100000|  0%| F|  |TAMS 0x00000000fa000000, 0x00000000fa000000| Untracked 
| 205|0x00000000fa100000, 0x00000000fa100000, 0x00000000fa200000|  0%| F|  |TAMS 0x00000000fa100000, 0x00000000fa100000| Untracked 
| 206|0x00000000fa200000, 0x00000000fa200000, 0x00000000fa300000|  0%| F|  |TAMS 0x00000000fa200000, 0x00000000fa200000| Untracked 
| 207|0x00000000fa300000, 0x00000000fa300000, 0x00000000fa400000|  0%| F|  |TAMS 0x00000000fa300000, 0x00000000fa300000| Untracked 
| 208|0x00000000fa400000, 0x00000000fa400000, 0x00000000fa500000|  0%| F|  |TAMS 0x00000000fa400000, 0x00000000fa400000| Untracked 
| 209|0x00000000fa500000, 0x00000000fa5c1b30, 0x00000000fa600000| 75%| O|  |TAMS 0x00000000fa500000, 0x00000000fa500000| Untracked 
| 210|0x00000000fa600000, 0x00000000fa600000, 0x00000000fa700000|  0%| F|  |TAMS 0x00000000fa600000, 0x00000000fa600000| Untracked 
| 211|0x00000000fa700000, 0x00000000fa700000, 0x00000000fa800000|  0%| F|  |TAMS 0x00000000fa700000, 0x00000000fa700000| Untracked 
| 212|0x00000000fa800000, 0x00000000fa800000, 0x00000000fa900000|  0%| F|  |TAMS 0x00000000fa800000, 0x00000000fa800000| Untracked 
| 213|0x00000000fa900000, 0x00000000fa900000, 0x00000000faa00000|  0%| F|  |TAMS 0x00000000fa900000, 0x00000000fa900000| Untracked 
| 214|0x00000000faa00000, 0x00000000faa00000, 0x00000000fab00000|  0%| F|  |TAMS 0x00000000faa00000, 0x00000000faa00000| Untracked 
| 215|0x00000000fab00000, 0x00000000fab00000, 0x00000000fac00000|  0%| F|  |TAMS 0x00000000fab00000, 0x00000000fab00000| Untracked 
| 216|0x00000000fac00000, 0x00000000fac00000, 0x00000000fad00000|  0%| F|  |TAMS 0x00000000fac00000, 0x00000000fac00000| Untracked 
| 217|0x00000000fad00000, 0x00000000fad00000, 0x00000000fae00000|  0%| F|  |TAMS 0x00000000fad00000, 0x00000000fad00000| Untracked 
| 218|0x00000000fae00000, 0x00000000fae00000, 0x00000000faf00000|  0%| F|  |TAMS 0x00000000fae00000, 0x00000000fae00000| Untracked 
| 219|0x00000000faf00000, 0x00000000faf00000, 0x00000000fb000000|  0%| F|  |TAMS 0x00000000faf00000, 0x00000000faf00000| Untracked 
| 220|0x00000000fb000000, 0x00000000fb000000, 0x00000000fb100000|  0%| F|  |TAMS 0x00000000fb000000, 0x00000000fb000000| Untracked 
| 221|0x00000000fb100000, 0x00000000fb100000, 0x00000000fb200000|  0%| F|  |TAMS 0x00000000fb100000, 0x00000000fb100000| Untracked 
| 222|0x00000000fb200000, 0x00000000fb200000, 0x00000000fb300000|  0%| F|  |TAMS 0x00000000fb200000, 0x00000000fb200000| Untracked 
| 223|0x00000000fb300000, 0x00000000fb300000, 0x00000000fb400000|  0%| F|  |TAMS 0x00000000fb300000, 0x00000000fb300000| Untracked 
| 224|0x00000000fb400000, 0x00000000fb400000, 0x00000000fb500000|  0%| F|  |TAMS 0x00000000fb400000, 0x00000000fb400000| Untracked 
| 225|0x00000000fb500000, 0x00000000fb500000, 0x00000000fb600000|  0%| F|  |TAMS 0x00000000fb500000, 0x00000000fb500000| Untracked 
| 226|0x00000000fb600000, 0x00000000fb600000, 0x00000000fb700000|  0%| F|  |TAMS 0x00000000fb600000, 0x00000000fb600000| Untracked 
| 227|0x00000000fb700000, 0x00000000fb780800, 0x00000000fb800000| 50%| E|  |TAMS 0x00000000fb700000, 0x00000000fb700000| Complete 
| 228|0x00000000fb800000, 0x00000000fb900000, 0x00000000fb900000|100%| E|CS|TAMS 0x00000000fb800000, 0x00000000fb800000| Complete 
| 229|0x00000000fb900000, 0x00000000fba00000, 0x00000000fba00000|100%| E|CS|TAMS 0x00000000fb900000, 0x00000000fb900000| Complete 
| 230|0x00000000fba00000, 0x00000000fbb00000, 0x00000000fbb00000|100%| E|CS|TAMS 0x00000000fba00000, 0x00000000fba00000| Complete 
| 231|0x00000000fbb00000, 0x00000000fbc00000, 0x00000000fbc00000|100%| E|CS|TAMS 0x00000000fbb00000, 0x00000000fbb00000| Complete 
| 232|0x00000000fbc00000, 0x00000000fbd00000, 0x00000000fbd00000|100%| E|CS|TAMS 0x00000000fbc00000, 0x00000000fbc00000| Complete 
| 233|0x00000000fbd00000, 0x00000000fbe00000, 0x00000000fbe00000|100%| E|CS|TAMS 0x00000000fbd00000, 0x00000000fbd00000| Complete 
| 234|0x00000000fbe00000, 0x00000000fbec0030, 0x00000000fbf00000| 75%| O|  |TAMS 0x00000000fbe00000, 0x00000000fbe00000| Untracked 
| 235|0x00000000fbf00000, 0x00000000fc000000, 0x00000000fc000000|100%| E|CS|TAMS 0x00000000fbf00000, 0x00000000fbf00000| Complete 
| 236|0x00000000fc000000, 0x00000000fc100000, 0x00000000fc100000|100%| E|CS|TAMS 0x00000000fc000000, 0x00000000fc000000| Complete 
| 237|0x00000000fc100000, 0x00000000fc200000, 0x00000000fc200000|100%| E|CS|TAMS 0x00000000fc100000, 0x00000000fc100000| Complete 
| 238|0x00000000fc200000, 0x00000000fc300000, 0x00000000fc300000|100%| E|CS|TAMS 0x00000000fc200000, 0x00000000fc200000| Complete 
| 239|0x00000000fc300000, 0x00000000fc340010, 0x00000000fc400000| 25%| O|  |TAMS 0x00000000fc300000, 0x00000000fc300000| Untracked 
| 240|0x00000000fc400000, 0x00000000fc500000, 0x00000000fc500000|100%| E|CS|TAMS 0x00000000fc400000, 0x00000000fc400000| Complete 
| 241|0x00000000fc500000, 0x00000000fc600000, 0x00000000fc600000|100%| E|CS|TAMS 0x00000000fc500000, 0x00000000fc500000| Complete 
| 242|0x00000000fc600000, 0x00000000fc700000, 0x00000000fc700000|100%| E|CS|TAMS 0x00000000fc600000, 0x00000000fc600000| Complete 
| 243|0x00000000fc700000, 0x00000000fc800000, 0x00000000fc800000|100%| E|CS|TAMS 0x00000000fc700000, 0x00000000fc700000| Complete 
| 244|0x00000000fc800000, 0x00000000fc900000, 0x00000000fc900000|100%| E|CS|TAMS 0x00000000fc800000, 0x00000000fc800000| Complete 
| 245|0x00000000fc900000, 0x00000000fca00000, 0x00000000fca00000|100%| E|  |TAMS 0x00000000fc900000, 0x00000000fc900000| Complete 
| 246|0x00000000fca00000, 0x00000000fcb00000, 0x00000000fcb00000|100%| E|CS|TAMS 0x00000000fca00000, 0x00000000fca00000| Complete 
| 247|0x00000000fcb00000, 0x00000000fcc00000, 0x00000000fcc00000|100%| E|CS|TAMS 0x00000000fcb00000, 0x00000000fcb00000| Complete 
| 248|0x00000000fcc00000, 0x00000000fcd00000, 0x00000000fcd00000|100%| E|CS|TAMS 0x00000000fcc00000, 0x00000000fcc00000| Complete 
| 249|0x00000000fcd00000, 0x00000000fce00000, 0x00000000fce00000|100%| E|CS|TAMS 0x00000000fcd00000, 0x00000000fcd00000| Complete 

Card table byte_map: [0x0000028e7b1f0000,0x0000028e7b290000] _byte_map_base: 0x0000028e7aa86000

Marking Bits (Prev, Next): (CMBitMap*) 0x0000028e645952b0, (CMBitMap*) 0x0000028e645952f0
 Prev Bits: [0x0000028e7b330000, 0x0000028e7b7e0000)
 Next Bits: [0x0000028e7b7e0000, 0x0000028e7bc90000)

Polling page: 0x0000028e62500000

Metaspace:

Usage:
  Non-class:      9.66 MB used.
      Class:    946.35 KB used.
       Both:     10.58 MB used.

Virtual space:
  Non-class space:       16.00 MB reserved,       9.75 MB ( 61%) committed,  2 nodes.
      Class space:        1.00 GB reserved,       1.00 MB ( <1%) committed,  1 nodes.
              Both:        1.02 GB reserved,      10.75 MB (  1%) committed. 

Chunk freelists:
   Non-Class:  2.21 MB
       Class:  3.04 MB
        Both:  5.26 MB

MaxMetaspaceSize: 17179869184.00 GB
CompressedClassSpaceSize: 1.00 GB
 - commit_granule_bytes: 65536.
 - commit_granule_words: 8192.
 - virtual_space_node_default_size: 1048576.
 - enlarge_chunks_in_place: 1.
 - new_chunks_are_fully_committed: 0.
 - uncommit_free_chunks: 1.
 - use_allocation_guard: 0.
 - handle_deallocations: 1.


Internal statistics:

num_allocs_failed_limit: 0.
num_arena_births: 120.
num_arena_deaths: 56.
num_vsnodes_births: 3.
num_vsnodes_deaths: 0.
num_space_committed: 172.
num_space_uncommitted: 0.
num_chunks_returned_to_freelist: 64.
num_chunks_taken_from_freelist: 234.
num_chunk_merges: 23.
num_chunk_splits: 142.
num_chunks_enlarged: 91.
num_purges: 2.

CodeHeap 'non-profiled nmethods': size=120000Kb used=6051Kb max_used=6051Kb free=113948Kb
 bounds [0x0000028e73770000, 0x0000028e73d60000, 0x0000028e7aca0000]
CodeHeap 'profiled nmethods': size=120000Kb used=6208Kb max_used=6576Kb free=113791Kb
 bounds [0x0000028e6c240000, 0x0000028e6c8e0000, 0x0000028e73770000]
CodeHeap 'non-nmethods': size=5760Kb used=1320Kb max_used=1536Kb free=4439Kb
 bounds [0x0000028e6bca0000, 0x0000028e6bf10000, 0x0000028e6c240000]
 total_blobs=3448 nmethods=2800 adapters=560
 compilation: enabled
              stopped_count=0, restarted_count=0
 full_count=0

Compilation events (20 events):
Event: 4359.200 Thread 0x0000028e7e9127b0 3974   !   3       java.awt.KeyboardFocusManager::setCurrentSequencedEvent (46 bytes)
Event: 4359.200 Thread 0x0000028e7e9127b0 nmethod 3974 0x0000028e6c3d2110 code [0x0000028e6c3d22c0, 0x0000028e6c3d2538]
Event: 4359.200 Thread 0x0000028e7e9127b0 3975       3       java.util.AbstractCollection::isEmpty (13 bytes)
Event: 4359.200 Thread 0x0000028e7e9127b0 nmethod 3975 0x0000028e6c3d1c90 code [0x0000028e6c3d1e40, 0x0000028e6c3d2068]
Event: 4359.200 Thread 0x0000028e7e9127b0 3976       3       com.sun.java.swing.plaf.windows.AnimationController::normalizeState (104 bytes)
Event: 4359.200 Thread 0x0000028e7e9127b0 nmethod 3976 0x0000028e6c3d1690 code [0x0000028e6c3d1840, 0x0000028e6c3d1b58]
Event: 4362.168 Thread 0x0000028e7e9127b0 3977   !   3       sun.java2d.d3d.D3DBlitLoops::IsoBlit (202 bytes)
Event: 4362.170 Thread 0x0000028e7e9127b0 nmethod 3977 0x0000028e6c3ce290 code [0x0000028e6c3ce680, 0x0000028e6c3d06b8]
Event: 4365.529 Thread 0x0000028e7e907d90 3978       4       client::build3dScreenMenu (1908 bytes)
Event: 4365.626 Thread 0x0000028e7e907d90 nmethod 3978 0x0000028e73d50010 code [0x0000028e73d50420, 0x0000028e73d560e0]
Event: 4368.983 Thread 0x0000028e7e9127b0 3979       3       sun.java2d.pipe.Region::getIntersection (132 bytes)
Event: 4368.983 Thread 0x0000028e7e9127b0 nmethod 3979 0x0000028e6c41da90 code [0x0000028e6c41dca0, 0x0000028e6c41e348]
Event: 4394.266 Thread 0x0000028e7e9127b0 3980       3       java.util.HashSet::iterator (13 bytes)
Event: 4394.267 Thread 0x0000028e7e9127b0 nmethod 3980 0x0000028e6c3cdd10 code [0x0000028e6c3cdec0, 0x0000028e6c3ce178]
Event: 4460.573 Thread 0x0000028e7e9127b0 3981   !   3       java.awt.Container::getComponent (29 bytes)
Event: 4460.573 Thread 0x0000028e7e9127b0 nmethod 3981 0x0000028e6c41d290 code [0x0000028e6c41d460, 0x0000028e6c41d8a8]
Event: 4460.574 Thread 0x0000028e7e9127b0 3982   !   3       sun.java2d.SunGraphics2D::clone (114 bytes)
Event: 4460.575 Thread 0x0000028e7e9127b0 nmethod 3982 0x0000028e6c41c090 code [0x0000028e6c41c2e0, 0x0000028e6c41ce88]
Event: 4471.012 Thread 0x0000028e7e9127b0 3983       1       javax.swing.JComponent::alwaysOnTop (2 bytes)
Event: 4471.012 Thread 0x0000028e7e9127b0 nmethod 3983 0x0000028e73d58c10 code [0x0000028e73d58da0, 0x0000028e73d58e78]

GC Heap History (20 events):
Event: 4303.874 GC heap before
{Heap before GC invocations=123 (full 104):
 garbage-first heap   total 256000K, used 95582K [0x00000000ed400000, 0x0000000100000000)
  region size 1024K, 13 young (13312K), 0 survivors (0K)
 Metaspace       used 10799K, committed 10944K, reserved 1064960K
  class space    used 945K, committed 1024K, reserved 1048576K
}
Event: 4303.897 GC heap after
{Heap after GC invocations=124 (full 105):
 garbage-first heap   total 256000K, used 75181K [0x00000000ed400000, 0x0000000100000000)
  region size 1024K, 0 young (0K), 0 survivors (0K)
 Metaspace       used 10799K, committed 10944K, reserved 1064960K
  class space    used 945K, committed 1024K, reserved 1048576K
}
Event: 4303.919 GC heap before
{Heap before GC invocations=124 (full 105):
 garbage-first heap   total 256000K, used 92589K [0x00000000ed400000, 0x0000000100000000)
  region size 1024K, 18 young (18432K), 0 survivors (0K)
 Metaspace       used 10800K, committed 10944K, reserved 1064960K
  class space    used 945K, committed 1024K, reserved 1048576K
}
Event: 4303.944 GC heap after
{Heap after GC invocations=125 (full 106):
 garbage-first heap   total 256000K, used 84876K [0x00000000ed400000, 0x0000000100000000)
  region size 1024K, 0 young (0K), 0 survivors (0K)
 Metaspace       used 10800K, committed 10944K, reserved 1064960K
  class space    used 945K, committed 1024K, reserved 1048576K
}
Event: 4311.356 GC heap before
{Heap before GC invocations=125 (full 106):
 garbage-first heap   total 256000K, used 96140K [0x00000000ed400000, 0x0000000100000000)
  region size 1024K, 13 young (13312K), 0 survivors (0K)
 Metaspace       used 10803K, committed 10944K, reserved 1064960K
  class space    used 945K, committed 1024K, reserved 1048576K
}
Event: 4311.379 GC heap after
{Heap after GC invocations=126 (full 107):
 garbage-first heap   total 256000K, used 75084K [0x00000000ed400000, 0x0000000100000000)
  region size 1024K, 0 young (0K), 0 survivors (0K)
 Metaspace       used 10803K, committed 10944K, reserved 1064960K
  class space    used 945K, committed 1024K, reserved 1048576K
}
Event: 4311.395 GC heap before
{Heap before GC invocations=126 (full 107):
 garbage-first heap   total 256000K, used 88396K [0x00000000ed400000, 0x0000000100000000)
  region size 1024K, 14 young (14336K), 0 survivors (0K)
 Metaspace       used 10803K, committed 10944K, reserved 1064960K
  class space    used 945K, committed 1024K, reserved 1048576K
}
Event: 4311.419 GC heap after
{Heap after GC invocations=127 (full 108):
 garbage-first heap   total 256000K, used 82362K [0x00000000ed400000, 0x0000000100000000)
  region size 1024K, 0 young (0K), 0 survivors (0K)
 Metaspace       used 10803K, committed 10944K, reserved 1064960K
  class space    used 945K, committed 1024K, reserved 1048576K
}
Event: 4340.221 GC heap before
{Heap before GC invocations=127 (full 108):
 garbage-first heap   total 256000K, used 100794K [0x00000000ed400000, 0x0000000100000000)
  region size 1024K, 20 young (20480K), 0 survivors (0K)
 Metaspace       used 10819K, committed 11008K, reserved 1064960K
  class space    used 945K, committed 1024K, reserved 1048576K
}
Event: 4340.243 GC heap after
{Heap after GC invocations=128 (full 109):
 garbage-first heap   total 256000K, used 80222K [0x00000000ed400000, 0x0000000100000000)
  region size 1024K, 0 young (0K), 0 survivors (0K)
 Metaspace       used 10819K, committed 11008K, reserved 1064960K
  class space    used 945K, committed 1024K, reserved 1048576K
}
Event: 4360.102 GC heap before
{Heap before GC invocations=128 (full 109):
 garbage-first heap   total 256000K, used 95582K [0x00000000ed400000, 0x0000000100000000)
  region size 1024K, 13 young (13312K), 0 survivors (0K)
 Metaspace       used 10824K, committed 11008K, reserved 1064960K
  class space    used 945K, committed 1024K, reserved 1048576K
}
Event: 4360.123 GC heap after
{Heap after GC invocations=129 (full 110):
 garbage-first heap   total 256000K, used 75181K [0x00000000ed400000, 0x0000000100000000)
  region size 1024K, 0 young (0K), 0 survivors (0K)
 Metaspace       used 10824K, committed 11008K, reserved 1064960K
  class space    used 945K, committed 1024K, reserved 1048576K
}
Event: 4360.146 GC heap before
{Heap before GC invocations=129 (full 110):
 garbage-first heap   total 256000K, used 92589K [0x00000000ed400000, 0x0000000100000000)
  region size 1024K, 18 young (18432K), 0 survivors (0K)
 Metaspace       used 10824K, committed 11008K, reserved 1064960K
  class space    used 945K, committed 1024K, reserved 1048576K
}
Event: 4360.173 GC heap after
{Heap after GC invocations=130 (full 111):
 garbage-first heap   total 256000K, used 84876K [0x00000000ed400000, 0x0000000100000000)
  region size 1024K, 0 young (0K), 0 survivors (0K)
 Metaspace       used 10824K, committed 11008K, reserved 1064960K
  class space    used 945K, committed 1024K, reserved 1048576K
}
Event: 4366.386 GC heap before
{Heap before GC invocations=130 (full 111):
 garbage-first heap   total 256000K, used 95116K [0x00000000ed400000, 0x0000000100000000)
  region size 1024K, 12 young (12288K), 0 survivors (0K)
 Metaspace       used 10825K, committed 11008K, reserved 1064960K
  class space    used 945K, committed 1024K, reserved 1048576K
}
Event: 4366.408 GC heap after
{Heap after GC invocations=131 (full 112):
 garbage-first heap   total 256000K, used 75084K [0x00000000ed400000, 0x0000000100000000)
  region size 1024K, 0 young (0K), 0 survivors (0K)
 Metaspace       used 10825K, committed 11008K, reserved 1064960K
  class space    used 945K, committed 1024K, reserved 1048576K
}
Event: 4366.425 GC heap before
{Heap before GC invocations=131 (full 112):
 garbage-first heap   total 256000K, used 88396K [0x00000000ed400000, 0x0000000100000000)
  region size 1024K, 14 young (14336K), 0 survivors (0K)
 Metaspace       used 10825K, committed 11008K, reserved 1064960K
  class space    used 945K, committed 1024K, reserved 1048576K
}
Event: 4366.450 GC heap after
{Heap after GC invocations=132 (full 113):
 garbage-first heap   total 256000K, used 82362K [0x00000000ed400000, 0x0000000100000000)
  region size 1024K, 0 young (0K), 0 survivors (0K)
 Metaspace       used 10825K, committed 11008K, reserved 1064960K
  class space    used 945K, committed 1024K, reserved 1048576K
}
Event: 4395.879 GC heap before
{Heap before GC invocations=132 (full 113):
 garbage-first heap   total 256000K, used 101818K [0x00000000ed400000, 0x0000000100000000)
  region size 1024K, 21 young (21504K), 0 survivors (0K)
 Metaspace       used 10829K, committed 11008K, reserved 1064960K
  class space    used 945K, committed 1024K, reserved 1048576K
}
Event: 4395.903 GC heap after
{Heap after GC invocations=133 (full 114):
 garbage-first heap   total 256000K, used 80222K [0x00000000ed400000, 0x0000000100000000)
  region size 1024K, 0 young (0K), 0 survivors (0K)
 Metaspace       used 10829K, committed 11008K, reserved 1064960K
  class space    used 945K, committed 1024K, reserved 1048576K
}

Deoptimization events (20 events):
Event: 4303.967 Thread 0x0000028e09932840 Uncommon trap: trap_request=0xffffff66 fr.pc=0x0000028e73d43094 relative=0x0000000000000974
Event: 4303.967 Thread 0x0000028e09932840 Uncommon trap: reason=speculate_class_check action=maybe_recompile pc=0x0000028e73d43094 method=client.updateEntities()V @ 80 c2
Event: 4303.967 Thread 0x0000028e09932840 DEOPT PACKING pc=0x0000028e73d43094 sp=0x000000c20df9ef70
Event: 4303.967 Thread 0x0000028e09932840 DEOPT UNPACKING pc=0x0000028e6bced72e sp=0x000000c20df9ef00 mode 2
Event: 4303.981 Thread 0x0000028e09932840 Uncommon trap: trap_request=0xffffff66 fr.pc=0x0000028e73d43094 relative=0x0000000000000974
Event: 4303.981 Thread 0x0000028e09932840 Uncommon trap: reason=speculate_class_check action=maybe_recompile pc=0x0000028e73d43094 method=client.updateEntities()V @ 80 c2
Event: 4303.981 Thread 0x0000028e09932840 DEOPT PACKING pc=0x0000028e73d43094 sp=0x000000c20df9ef70
Event: 4303.981 Thread 0x0000028e09932840 DEOPT UNPACKING pc=0x0000028e6bced72e sp=0x000000c20df9ef00 mode 2
Event: 4303.994 Thread 0x0000028e09932840 Uncommon trap: trap_request=0xffffff66 fr.pc=0x0000028e73d43094 relative=0x0000000000000974
Event: 4303.994 Thread 0x0000028e09932840 Uncommon trap: reason=speculate_class_check action=maybe_recompile pc=0x0000028e73d43094 method=client.updateEntities()V @ 80 c2
Event: 4303.994 Thread 0x0000028e09932840 DEOPT PACKING pc=0x0000028e73d43094 sp=0x000000c20df9ef70
Event: 4303.994 Thread 0x0000028e09932840 DEOPT UNPACKING pc=0x0000028e6bced72e sp=0x000000c20df9ef00 mode 2
Event: 4513.603 Thread 0x0000028e03771700 Uncommon trap: trap_request=0xffffff45 fr.pc=0x0000028e73a97e90 relative=0x00000000000013d0
Event: 4513.603 Thread 0x0000028e03771700 Uncommon trap: reason=unstable_if action=reinterpret pc=0x0000028e73a97e90 method=sun.java2d.d3d.D3DScreenUpdateManager.run()V @ 4 c2
Event: 4513.603 Thread 0x0000028e03771700 DEOPT PACKING pc=0x0000028e73a97e90 sp=0x000000c20de9f1f0
Event: 4513.603 Thread 0x0000028e03771700 DEOPT UNPACKING pc=0x0000028e6bced72e sp=0x000000c20de9f1b8 mode 2
Event: 4513.622 Thread 0x0000028e09932840 Uncommon trap: trap_request=0xffffff45 fr.pc=0x0000028e73972bfc relative=0x000000000000163c
Event: 4513.622 Thread 0x0000028e09932840 Uncommon trap: reason=unstable_if action=reinterpret pc=0x0000028e73972bfc method=sun.java2d.pipe.BufferedContext.validate(Lsun/java2d/pipe/hw/AccelSurface;Lsun/java2d/pipe/hw/AccelSurface;Lsun/java2d/pipe/Region;Ljava/awt/Composite;Ljava/awt/geom/AffineT
Event: 4513.622 Thread 0x0000028e09932840 DEOPT PACKING pc=0x0000028e73972bfc sp=0x000000c20df9ec60
Event: 4513.622 Thread 0x0000028e09932840 DEOPT UNPACKING pc=0x0000028e6bced72e sp=0x000000c20df9ebe8 mode 2

Classes unloaded (20 events):
Event: 235.487 Thread 0x0000028e7e8ea4f0 Unloading class 0x0000000800c11c00 'java/lang/invoke/LambdaForm$MH+0x0000000800c11c00'
Event: 235.487 Thread 0x0000028e7e8ea4f0 Unloading class 0x0000000800c11800 'java/lang/invoke/LambdaForm$MH+0x0000000800c11800'
Event: 235.487 Thread 0x0000028e7e8ea4f0 Unloading class 0x0000000800c11400 'java/lang/invoke/LambdaForm$MH+0x0000000800c11400'
Event: 235.487 Thread 0x0000028e7e8ea4f0 Unloading class 0x0000000800c10800 'java/lang/invoke/LambdaForm$MH+0x0000000800c10800'
Event: 235.487 Thread 0x0000028e7e8ea4f0 Unloading class 0x0000000800c10400 'java/lang/invoke/LambdaForm$MH+0x0000000800c10400'
Event: 235.487 Thread 0x0000028e7e8ea4f0 Unloading class 0x0000000800c0cc00 'java/lang/invoke/LambdaForm$MH+0x0000000800c0cc00'
Event: 235.487 Thread 0x0000028e7e8ea4f0 Unloading class 0x0000000800c0bc00 'java/lang/invoke/LambdaForm$MH+0x0000000800c0bc00'
Event: 235.487 Thread 0x0000028e7e8ea4f0 Unloading class 0x0000000800c0b800 'java/lang/invoke/LambdaForm$MH+0x0000000800c0b800'
Event: 235.487 Thread 0x0000028e7e8ea4f0 Unloading class 0x0000000800c0b400 'java/lang/invoke/LambdaForm$MH+0x0000000800c0b400'
Event: 235.487 Thread 0x0000028e7e8ea4f0 Unloading class 0x0000000800c0b000 'java/lang/invoke/LambdaForm$MH+0x0000000800c0b000'
Event: 235.487 Thread 0x0000028e7e8ea4f0 Unloading class 0x0000000800c0ac00 'java/lang/invoke/LambdaForm$MH+0x0000000800c0ac00'
Event: 235.487 Thread 0x0000028e7e8ea4f0 Unloading class 0x0000000800c0a800 'java/lang/invoke/LambdaForm$MH+0x0000000800c0a800'
Event: 235.487 Thread 0x0000028e7e8ea4f0 Unloading class 0x0000000800c0a400 'java/lang/invoke/LambdaForm$MH+0x0000000800c0a400'
Event: 235.487 Thread 0x0000028e7e8ea4f0 Unloading class 0x0000000800c0a000 'java/lang/invoke/LambdaForm$MH+0x0000000800c0a000'
Event: 235.487 Thread 0x0000028e7e8ea4f0 Unloading class 0x0000000800c09800 'java/lang/invoke/LambdaForm$MH+0x0000000800c09800'
Event: 235.487 Thread 0x0000028e7e8ea4f0 Unloading class 0x0000000800c09000 'java/lang/invoke/LambdaForm$MH+0x0000000800c09000'
Event: 235.487 Thread 0x0000028e7e8ea4f0 Unloading class 0x0000000800c08c00 'java/lang/invoke/LambdaForm$MH+0x0000000800c08c00'
Event: 235.487 Thread 0x0000028e7e8ea4f0 Unloading class 0x0000000800c08400 'java/lang/invoke/LambdaForm$MH+0x0000000800c08400'
Event: 235.487 Thread 0x0000028e7e8ea4f0 Unloading class 0x0000000800c08000 'java/lang/invoke/LambdaForm$MH+0x0000000800c08000'
Event: 235.487 Thread 0x0000028e7e8ea4f0 Unloading class 0x0000000800c00800 'java/lang/invoke/LambdaForm$MH+0x0000000800c00800'

Classes redefined (0 events):
No events

Internal exceptions (20 events):
Event: 3676.029 Thread 0x0000028e09932840 Exception <a 'java/io/IOException'{0x00000000fabe1af8}> (0x00000000fabe1af8) 
thrown [t:\workspace\open\src\hotspot\share\prims\jni.cpp, line 579]
Event: 3676.029 Thread 0x0000028e09932840 Exception <a 'java/io/IOException'{0x00000000fabe1e08}> (0x00000000fabe1e08) 
thrown [t:\workspace\open\src\hotspot\share\prims\jni.cpp, line 579]
Event: 3677.406 Thread 0x0000028e09932840 Exception <a 'java/io/IOException'{0x00000000faa71c40}> (0x00000000faa71c40) 
thrown [t:\workspace\open\src\hotspot\share\prims\jni.cpp, line 579]
Event: 3677.406 Thread 0x0000028e09932840 Exception <a 'java/io/IOException'{0x00000000faa71f50}> (0x00000000faa71f50) 
thrown [t:\workspace\open\src\hotspot\share\prims\jni.cpp, line 579]
Event: 3678.614 Thread 0x0000028e09932840 Exception <a 'java/io/IOException'{0x00000000fa94c4a0}> (0x00000000fa94c4a0) 
thrown [t:\workspace\open\src\hotspot\share\prims\jni.cpp, line 579]
Event: 3678.614 Thread 0x0000028e09932840 Exception <a 'java/io/IOException'{0x00000000fa94c7b0}> (0x00000000fa94c7b0) 
thrown [t:\workspace\open\src\hotspot\share\prims\jni.cpp, line 579]
Event: 3679.690 Thread 0x0000028e09932840 Exception <a 'java/io/IOException'{0x00000000fa9f8088}> (0x00000000fa9f8088) 
thrown [t:\workspace\open\src\hotspot\share\prims\jni.cpp, line 579]
Event: 3679.690 Thread 0x0000028e09932840 Exception <a 'java/io/IOException'{0x00000000fa9f8398}> (0x00000000fa9f8398) 
thrown [t:\workspace\open\src\hotspot\share\prims\jni.cpp, line 579]
Event: 3680.683 Thread 0x0000028e09932840 Exception <a 'java/io/IOException'{0x00000000fa863848}> (0x00000000fa863848) 
thrown [t:\workspace\open\src\hotspot\share\prims\jni.cpp, line 579]
Event: 3680.683 Thread 0x0000028e09932840 Exception <a 'java/io/IOException'{0x00000000fa863b58}> (0x00000000fa863b58) 
thrown [t:\workspace\open\src\hotspot\share\prims\jni.cpp, line 579]
Event: 3681.940 Thread 0x0000028e09932840 Exception <a 'java/io/IOException'{0x00000000fa743998}> (0x00000000fa743998) 
thrown [t:\workspace\open\src\hotspot\share\prims\jni.cpp, line 579]
Event: 3681.940 Thread 0x0000028e09932840 Exception <a 'java/io/IOException'{0x00000000fa743ca8}> (0x00000000fa743ca8) 
thrown [t:\workspace\open\src\hotspot\share\prims\jni.cpp, line 579]
Event: 3683.020 Thread 0x0000028e09932840 Exception <a 'java/io/IOException'{0x00000000fa7ee1c0}> (0x00000000fa7ee1c0) 
thrown [t:\workspace\open\src\hotspot\share\prims\jni.cpp, line 579]
Event: 3683.020 Thread 0x0000028e09932840 Exception <a 'java/io/IOException'{0x00000000fa7ee4d0}> (0x00000000fa7ee4d0) 
thrown [t:\workspace\open\src\hotspot\share\prims\jni.cpp, line 579]
Event: 3684.259 Thread 0x0000028e09932840 Exception <a 'java/io/IOException'{0x00000000fa6b09d0}> (0x00000000fa6b09d0) 
thrown [t:\workspace\open\src\hotspot\share\prims\jni.cpp, line 579]
Event: 3684.259 Thread 0x0000028e09932840 Exception <a 'java/io/IOException'{0x00000000fa6b0ce0}> (0x00000000fa6b0ce0) 
thrown [t:\workspace\open\src\hotspot\share\prims\jni.cpp, line 579]
Event: 3685.103 Thread 0x0000028e09932840 Exception <a 'java/io/IOException'{0x00000000fa542bb0}> (0x00000000fa542bb0) 
thrown [t:\workspace\open\src\hotspot\share\prims\jni.cpp, line 579]
Event: 3685.103 Thread 0x0000028e09932840 Exception <a 'java/io/IOException'{0x00000000fa542ec0}> (0x00000000fa542ec0) 
thrown [t:\workspace\open\src\hotspot\share\prims\jni.cpp, line 579]
Event: 3686.185 Thread 0x0000028e09932840 Exception <a 'java/io/IOException'{0x00000000fa5f6260}> (0x00000000fa5f6260) 
thrown [t:\workspace\open\src\hotspot\share\prims\jni.cpp, line 579]
Event: 3686.185 Thread 0x0000028e09932840 Exception <a 'java/io/IOException'{0x00000000fa5f6570}> (0x00000000fa5f6570) 
thrown [t:\workspace\open\src\hotspot\share\prims\jni.cpp, line 579]

Events (20 events):
Event: 4360.102 Executing  VM operation: G1CollectFull
Event: 4360.123 Executing  VM operation: G1CollectFull done
Event: 4360.146 Executing  VM operation: G1CollectFull
Event: 4360.174 Executing  VM operation: G1CollectFull done
Event: 4366.386 Executing  VM operation: G1CollectFull
Event: 4366.408 Executing  VM operation: G1CollectFull done
Event: 4366.425 Executing  VM operation: G1CollectFull
Event: 4366.450 Executing  VM operation: G1CollectFull done
Event: 4395.879 Thread 0x0000028e0a12ee60 Thread exited: 0x0000028e0a12ee60
Event: 4395.879 Executing  VM operation: G1CollectFull
Event: 4395.903 Executing  VM operation: G1CollectFull done
Event: 4395.905 Thread 0x0000028e0a12d3d0 Thread added: 0x0000028e0a12d3d0
Event: 4395.916 Thread 0x0000028e0a132380 Thread added: 0x0000028e0a132380
Event: 4400.911 Thread 0x0000028e0a12d3d0 Thread exited: 0x0000028e0a12d3d0
Event: 4460.947 Executing  VM operation: Cleanup
Event: 4460.947 Executing  VM operation: Cleanup done
Event: 4513.603 Thread 0x0000028e0a12be90 Thread added: 0x0000028e0a12be90
Event: 4513.603 Thread 0x0000028e0a1303a0 Thread added: 0x0000028e0a1303a0
Event: 4513.603 Thread 0x0000028e0a12be90 Thread exited: 0x0000028e0a12be90
Event: 4513.603 Thread 0x0000028e03771700 Thread exited: 0x0000028e03771700


Dynamic libraries:
0x00007ff714880000 - 0x00007ff714890000 	C:\Program Files\Java\jdk-16\bin\javaw.exe
0x00007ffaab350000 - 0x00007ffaab545000 	C:\WINDOWS\SYSTEM32\ntdll.dll
0x00007ffaa95f0000 - 0x00007ffaa96ad000 	C:\WINDOWS\System32\KERNEL32.DLL
0x00007ffaa8ac0000 - 0x00007ffaa8d88000 	C:\WINDOWS\System32\KERNELBASE.dll
0x00007ffaa6360000 - 0x00007ffaa63f0000 	C:\WINDOWS\SYSTEM32\apphelp.dll
0x00007ffaa91a0000 - 0x00007ffaa92a0000 	C:\WINDOWS\System32\ucrtbase.dll
0x00007ffa9e5b0000 - 0x00007ffa9e5c8000 	C:\Program Files\Java\jdk-16\bin\jli.dll
0x00007ffaa9540000 - 0x00007ffaa95ec000 	C:\WINDOWS\System32\ADVAPI32.dll
0x00007ffaa9f70000 - 0x00007ffaaa00e000 	C:\WINDOWS\System32\msvcrt.dll
0x00007ffaaabb0000 - 0x00007ffaaac4b000 	C:\WINDOWS\System32\sechost.dll
0x00007ffaa96b0000 - 0x00007ffaa97db000 	C:\WINDOWS\System32\RPCRT4.dll
0x00007ffaa97e0000 - 0x00007ffaa9980000 	C:\WINDOWS\System32\USER32.dll
0x00007ffaa9380000 - 0x00007ffaa93a2000 	C:\WINDOWS\System32\win32u.dll
0x00007ffaaa820000 - 0x00007ffaaa84a000 	C:\WINDOWS\System32\GDI32.dll
0x00007ffaa8e30000 - 0x00007ffaa8f3b000 	C:\WINDOWS\System32\gdi32full.dll
0x00007ffaa8d90000 - 0x00007ffaa8e2d000 	C:\WINDOWS\System32\msvcp_win.dll
0x00007ffa9e250000 - 0x00007ffa9e269000 	C:\Program Files\Java\jdk-16\bin\VCRUNTIME140.dll
0x00007ffa8e960000 - 0x00007ffa8ebfa000 	C:\WINDOWS\WinSxS\amd64_microsoft.windows.common-controls_6595b64144ccf1df_6.0.19041.844_none_ca00b6081b84eb1d\COMCTL32.dll
0x00007ffaa1680000 - 0x00007ffaa168a000 	C:\WINDOWS\SYSTEM32\VERSION.dll
0x00007ffaaa010000 - 0x00007ffaaa040000 	C:\WINDOWS\System32\IMM32.DLL
0x00007ffaaa0d0000 - 0x00007ffaaa812000 	C:\WINDOWS\System32\SHELL32.dll
0x00007ffaaa850000 - 0x00007ffaaaba5000 	C:\WINDOWS\System32\combase.dll
0x00007ffaa9a10000 - 0x00007ffaa9a65000 	C:\WINDOWS\System32\SHLWAPI.dll
0x00007ffaa78f0000 - 0x00007ffaa7923000 	C:\WINDOWS\SYSTEM32\ntmarta.dll
0x00007ffaa8950000 - 0x00007ffaa8981000 	C:\WINDOWS\SYSTEM32\SspiCli.dll
0x00007ffaa6c00000 - 0x00007ffaa7390000 	C:\WINDOWS\SYSTEM32\windows.storage.dll
0x00007ffaa8500000 - 0x00007ffaa852c000 	C:\WINDOWS\SYSTEM32\Wldp.dll
0x00007ffaab0d0000 - 0x00007ffaab17e000 	C:\WINDOWS\System32\SHCORE.dll
0x00007ffa9e550000 - 0x00007ffa9e55c000 	C:\Program Files\Java\jdk-16\bin\vcruntime140_1.dll
0x00007ffa6fbf0000 - 0x00007ffa6fc81000 	C:\Program Files\Java\jdk-16\bin\msvcp140.dll
0x00007ffa471d0000 - 0x00007ffa47d7b000 	C:\Program Files\Java\jdk-16\bin\server\jvm.dll
0x00007ffaaac50000 - 0x00007ffaaac58000 	C:\WINDOWS\System32\PSAPI.DLL
0x00007ffa9fce0000 - 0x00007ffa9fce9000 	C:\WINDOWS\SYSTEM32\WSOCK32.dll
0x00007ffaa9b60000 - 0x00007ffaa9bcb000 	C:\WINDOWS\System32\WS2_32.dll
0x00007ffa97bc0000 - 0x00007ffa97be7000 	C:\WINDOWS\SYSTEM32\WINMM.dll
0x00007ffaa6a00000 - 0x00007ffaa6a12000 	C:\WINDOWS\SYSTEM32\kernel.appcore.dll
0x00007ffa9e240000 - 0x00007ffa9e24a000 	C:\Program Files\Java\jdk-16\bin\jimage.dll
0x00007ffa91690000 - 0x00007ffa91874000 	C:\WINDOWS\SYSTEM32\DBGHELP.DLL
0x00007ffa91210000 - 0x00007ffa9123c000 	C:\WINDOWS\SYSTEM32\dbgcore.DLL
0x00007ffaa9300000 - 0x00007ffaa9380000 	C:\WINDOWS\System32\bcryptPrimitives.dll
0x00007ffa9de60000 - 0x00007ffa9de85000 	C:\Program Files\Java\jdk-16\bin\java.dll
0x00007ffaa89d0000 - 0x00007ffaa89ef000 	C:\WINDOWS\SYSTEM32\profapi.dll
0x00007ffa6f790000 - 0x00007ffa6f910000 	C:\Program Files\Java\jdk-16\bin\awt.dll
0x00007ffaa9a70000 - 0x00007ffaa9b3d000 	C:\WINDOWS\System32\OLEAUT32.dll
0x00007ffa9ddc0000 - 0x00007ffa9ddd9000 	C:\Program Files\Java\jdk-16\bin\net.dll
0x00007ffaa12d0000 - 0x00007ffaa13db000 	C:\WINDOWS\SYSTEM32\WINHTTP.dll
0x00007ffaa8270000 - 0x00007ffaa82da000 	C:\WINDOWS\system32\mswsock.dll
0x00007ffa9c910000 - 0x00007ffa9c927000 	C:\WINDOWS\system32\napinsp.dll
0x00007ffa96fd0000 - 0x00007ffa96feb000 	C:\WINDOWS\system32\pnrpnsp.dll
0x00007ffaa35e0000 - 0x00007ffaa35f5000 	C:\WINDOWS\system32\wshbth.dll
0x00007ffaa43f0000 - 0x00007ffaa440d000 	C:\WINDOWS\system32\NLAapi.dll
0x00007ffaa7f10000 - 0x00007ffaa7f4b000 	C:\WINDOWS\SYSTEM32\IPHLPAPI.DLL
0x00007ffaa7f60000 - 0x00007ffaa802c000 	C:\WINDOWS\SYSTEM32\DNSAPI.dll
0x00007ffaa9530000 - 0x00007ffaa9538000 	C:\WINDOWS\System32\NSI.dll
0x00007ffa95b50000 - 0x00007ffa95b62000 	C:\WINDOWS\System32\winrnr.dll
0x00007ffaa0a60000 - 0x00007ffaa0a6a000 	C:\Windows\System32\rasadhlp.dll
0x00007ffa9fd80000 - 0x00007ffa9fdff000 	C:\WINDOWS\System32\fwpuclnt.dll
0x00007ffaa8a90000 - 0x00007ffaa8ab7000 	C:\WINDOWS\System32\bcrypt.dll
0x00007ffaa6540000 - 0x00007ffaa65de000 	C:\WINDOWS\system32\uxtheme.dll
0x00007ffaa9410000 - 0x00007ffaa9525000 	C:\WINDOWS\System32\MSCTF.dll
0x00007ffaab1e0000 - 0x00007ffaab30a000 	C:\WINDOWS\System32\ole32.dll
0x00007ffaa6820000 - 0x00007ffaa684f000 	C:\WINDOWS\system32\DWMAPI.DLL
0x00007ffa6f1f0000 - 0x00007ffa6f316000 	C:\WINDOWS\system32\opengl32.dll
0x00007ffa9d3d0000 - 0x00007ffa9d3fc000 	C:\WINDOWS\SYSTEM32\GLU32.dll
0x00007ffaa8680000 - 0x00007ffaa8692000 	C:\WINDOWS\SYSTEM32\msasn1.dll
0x00007ffaa1640000 - 0x00007ffaa1671000 	C:\WINDOWS\SYSTEM32\cryptnet.dll
0x00007ffaa8f40000 - 0x00007ffaa909f000 	C:\WINDOWS\System32\CRYPT32.dll
0x00007ffaa8460000 - 0x00007ffaa846c000 	C:\WINDOWS\SYSTEM32\cryptbase.dll
0x00007ffaa92a0000 - 0x00007ffaa9300000 	C:\WINDOWS\System32\WINTRUST.DLL
0x00007ffaa9b40000 - 0x00007ffaa9b5d000 	C:\WINDOWS\System32\imagehlp.dll
0x00007ffaa8440000 - 0x00007ffaa8458000 	C:\WINDOWS\SYSTEM32\CRYPTSP.dll
0x00007ffaa7ba0000 - 0x00007ffaa7bd4000 	C:\WINDOWS\system32\rsaenh.dll
0x00007ffa5d3c0000 - 0x00007ffa5d679000 	C:\WINDOWS\system32\nvspcap64.dll
0x00007ffaa73a0000 - 0x00007ffaa73c3000 	C:\WINDOWS\SYSTEM32\gpapi.dll
0x00007ffa9fbb0000 - 0x00007ffa9fbeb000 	C:\WINDOWS\SYSTEM32\dxcore.dll
0x00007ffaa9150000 - 0x00007ffaa919e000 	C:\WINDOWS\System32\cfgmgr32.dll
0x00007ffa7afc0000 - 0x00007ffa7b049000 	C:\Program Files\Java\jdk-16\bin\freetype.dll
0x00007ffa6ebd0000 - 0x00007ffa6ecc6000 	C:\Program Files\Java\jdk-16\bin\harfbuzz.dll
0x00007ffaa4770000 - 0x00007ffaa4782000 	C:\Program Files\Java\jdk-16\bin\fontmanager.dll
0x00007ffa9fd00000 - 0x00007ffa9fd13000 	C:\Program Files\Java\jdk-16\bin\nio.dll
0x00007ffa9d290000 - 0x00007ffa9d389000 	C:\WINDOWS\SYSTEM32\textinputframework.dll
0x00007ffaa5cf0000 - 0x00007ffaa604e000 	C:\WINDOWS\System32\CoreUIComponents.dll
0x00007ffaa6050000 - 0x00007ffaa6142000 	C:\WINDOWS\System32\CoreMessaging.dll
0x00007ffaa5620000 - 0x00007ffaa5774000 	C:\WINDOWS\SYSTEM32\wintypes.dll
0x00007ffa9d3b0000 - 0x00007ffa9d3c8000 	C:\Program Files\Java\jdk-16\bin\zip.dll

dbghelp: loaded successfully - version: 4.0.5 - missing functions: none
symbol engine: initialized successfully - sym options: 0x614 - pdb path: .;C:\Program Files\Java\jdk-16\bin;C:\WINDOWS\SYSTEM32;C:\WINDOWS\WinSxS\amd64_microsoft.windows.common-controls_6595b64144ccf1df_6.0.19041.844_none_ca00b6081b84eb1d;C:\Program Files\Java\jdk-16\bin\server;C:\WINDOWS\System32\DriverStore\FileRepository\nv_dispi.inf_amd64_e44a509137af5639

VM Arguments:
jvm_args: -Xmx300m 
java_command: Jframe 10 0 highmem members 32
java_class_path (initial): .
Launcher Type: SUN_STANDARD

[Global flags]
     intx CICompilerCount                          = 4                                         {product} {ergonomic}
     uint ConcGCThreads                            = 3                                         {product} {ergonomic}
     uint G1ConcRefinementThreads                  = 10                                        {product} {ergonomic}
   size_t G1HeapRegionSize                         = 1048576                                   {product} {ergonomic}
    uintx GCDrainStackTargetSize                   = 64                                        {product} {ergonomic}
   size_t InitialHeapSize                          = 268435456                                 {product} {ergonomic}
   size_t MarkStackSize                            = 4194304                                   {product} {ergonomic}
   size_t MaxHeapSize                              = 314572800                                 {product} {command line}
   size_t MaxNewSize                               = 188743680                                 {product} {ergonomic}
   size_t MinHeapDeltaBytes                        = 1048576                                   {product} {ergonomic}
   size_t MinHeapSize                              = 8388608                                   {product} {ergonomic}
    uintx NonNMethodCodeHeapSize                   = 5839372                                {pd product} {ergonomic}
    uintx NonProfiledCodeHeapSize                  = 122909434                              {pd product} {ergonomic}
    uintx ProfiledCodeHeapSize                     = 122909434                              {pd product} {ergonomic}
    uintx ReservedCodeCacheSize                    = 251658240                              {pd product} {ergonomic}
     bool SegmentedCodeCache                       = true                                      {product} {ergonomic}
   size_t SoftMaxHeapSize                          = 314572800                              {manageable} {ergonomic}
     bool UseCompressedClassPointers               = true                           {product lp64_product} {ergonomic}
     bool UseCompressedOops                        = true                           {product lp64_product} {ergonomic}
     bool UseG1GC                                  = true                                      {product} {ergonomic}
     bool UseLargePagesIndividualAllocation        = false                                  {pd product} {ergonomic}

Logging:
Log output configuration:
 #0: stdout all=warning uptime,level,tags
 #1: stderr all=off uptime,level,tags

Environment Variables:
PATH=C:\Users\dylan\AppData\Local\Programs\Python\Python38-32;C:\Users\dylan\AppData\Local\atom;C:\Users\dylan\AppData\Local\atom\bin;C:\WINDOWS\system32\config\systemprofile\AppData\Local\Microsoft\WindowsApps;C:\Program Files\TortoiseSVN\bin;C:\WINDOWS\System32\WindowsPowerShell\v1.0\;C:\Windows\System32;C:\Program Files\downloads\;C:\Users\dylan\AppData\Local\Programs\Python\Python38-32\Scripts;D:\Git\bin;D:\Git\cmd;C:\Users\dylan\AppData\Local\Packages\PythonSoftwareFoundation.Python.3.7_qbz5n2kfra8p0\LocalCache\local-packages\Python37\site-packages\gunicorn;C:\Program Files\Java\jdk-16\bin;C:\ProgramFiles\Java\jdk1.8.0_171\bin;C:\Users\dylan\AppData\Local\Microsoft\WindowsApps;C:\Users\dylan\AppData\Local\Programs\Python\Python38-32;C:\Users\dylan\AppData\Local\atom;C:\Users\dylan\AppData\Local\atom\bin;C:\Users\dylan\AppData\Local\Microsoft\WindowsApps;C:\Program Files\TortoiseSVN\;C:\Users\dylan\AppData\Roaming\npm;C:\Program Files\heroku\bin;C:\Program Files\Java\jdk-16\bin;;C:\Program Files (x86)\Common Files\Acronis\TibMounter64
USERNAME=dylan
OS=Windows_NT
PROCESSOR_IDENTIFIER=Intel64 Family 6 Model 158 Stepping 10, GenuineIntel



---------------  S Y S T E M  ---------------

OS:
 Windows 10 , 64 bit Build 19041 (10.0.19041.928)
OS uptime: 15 days 16:06 hours

CPU: total 12 (initial active 12) (6 cores per cpu, 2 threads per core) family 6 model 158 stepping 10 microcode 0xb4, cx8, cmov, fxsr, ht, mmx, 3dnowpref, sse, sse2, sse3, ssse3, sse4.1, sse4.2, popcnt, lzcnt, tsc, tscinvbit, avx, avx2, aes, erms, clmul, bmi1, bmi2, rtm, adx, fma, vzeroupper, clflush, clflushopt

Memory: 4k page, system-wide physical 16344M (9984M free)
TotalPageFile size 18776M (AvailPageFile size 5023M)
current process WorkingSet (physical memory assigned to process): 328M, peak: 413M
current process commit charge ("private bytes"): 400M, peak: 569M

vm_info: Java HotSpot(TM) 64-Bit Server VM (16+36-2231) for windows-amd64 JRE (16+36-2231), built on Feb  8 2021 11:43:10 by "mach5one" with MS VC++ 16.7 (VS2019)

END.
